{"/Users/niallbarber/htdocs/react-native/ChillBreathe/src/API.ts": {"path":"/Users/niallbarber/htdocs/react-native/ChillBreathe/src/API.ts","statementMap":{},"fnMap":{},"branchMap":{},"s":{},"f":{},"b":{}}
,"/Users/niallbarber/htdocs/react-native/ChillBreathe/src/components/Badges/Badge/Badge.tsx": {"path":"/Users/niallbarber/htdocs/react-native/ChillBreathe/src/components/Badges/Badge/Badge.tsx","statementMap":{"0":{"start":{"line":14,"column":2},"end":{"line":25,"column":4}},"1":{"start":{"line":17,"column":8},"end":{"line":22,"column":10}},"2":{"start":{"line":21,"column":23},"end":{"line":21,"column":39}}},"fnMap":{"0":{"name":"Badges","decl":{"start":{"line":13,"column":24},"end":{"line":13,"column":30}},"loc":{"start":{"line":13,"column":59},"end":{"line":26,"column":1}},"line":13},"1":{"name":"(anonymous_1)","decl":{"start":{"line":16,"column":16},"end":{"line":16,"column":17}},"loc":{"start":{"line":17,"column":8},"end":{"line":22,"column":10}},"line":17},"2":{"name":"(anonymous_2)","decl":{"start":{"line":21,"column":17},"end":{"line":21,"column":18}},"loc":{"start":{"line":21,"column":23},"end":{"line":21,"column":39}},"line":21}},"branchMap":{"0":{"loc":{"start":{"line":21,"column":23},"end":{"line":21,"column":39}},"type":"binary-expr","locations":[{"start":{"line":21,"column":23},"end":{"line":21,"column":28}},{"start":{"line":21,"column":32},"end":{"line":21,"column":39}}],"line":21}},"s":{"0":1,"1":3,"2":0},"f":{"0":1,"1":3,"2":0},"b":{"0":[0,0]},"_coverageSchema":"1a1c01bbd47fc00a2c39e90264f33305004495a9","hash":"580d5f901c48cfda5ed7862c8638bfccf5a213c6"}
,"/Users/niallbarber/htdocs/react-native/ChillBreathe/src/components/Badges/Badge/index.tsx": {"path":"/Users/niallbarber/htdocs/react-native/ChillBreathe/src/components/Badges/Badge/index.tsx","statementMap":{},"fnMap":{},"branchMap":{},"s":{},"f":{},"b":{},"_coverageSchema":"1a1c01bbd47fc00a2c39e90264f33305004495a9","hash":"efa9a475fc9a82fb9c2f51d03c1ced8169f36f61"}
,"/Users/niallbarber/htdocs/react-native/ChillBreathe/src/components/Badges/BadgeInner/BadgeInner.tsx": {"path":"/Users/niallbarber/htdocs/react-native/ChillBreathe/src/components/Badges/BadgeInner/BadgeInner.tsx","statementMap":{"0":{"start":{"line":27,"column":17},"end":{"line":46,"column":4}},"1":{"start":{"line":48,"column":19},"end":{"line":48,"column":32}},"2":{"start":{"line":49,"column":16},"end":{"line":49,"column":33}},"3":{"start":{"line":51,"column":22},"end":{"line":53,"column":5}},"4":{"start":{"line":51,"column":46},"end":{"line":53,"column":3}},"5":{"start":{"line":56,"column":4},"end":{"line":58,"column":12}},"6":{"start":{"line":57,"column":6},"end":{"line":57,"column":58}},"7":{"start":{"line":61,"column":2},"end":{"line":81,"column":4}},"8":{"start":{"line":65,"column":8},"end":{"line":65,"column":23}},"9":{"start":{"line":66,"column":8},"end":{"line":66,"column":16}},"10":{"start":{"line":68,"column":24},"end":{"line":68,"column":54}},"11":{"start":{"line":69,"column":25},"end":{"line":69,"column":52}}},"fnMap":{"0":{"name":"BadgeInner","decl":{"start":{"line":26,"column":24},"end":{"line":26,"column":34}},"loc":{"start":{"line":26,"column":74},"end":{"line":82,"column":1}},"line":26},"1":{"name":"(anonymous_1)","decl":{"start":{"line":51,"column":39},"end":{"line":51,"column":40}},"loc":{"start":{"line":51,"column":46},"end":{"line":53,"column":3}},"line":51},"2":{"name":"handleFilter","decl":{"start":{"line":55,"column":11},"end":{"line":55,"column":23}},"loc":{"start":{"line":55,"column":32},"end":{"line":59,"column":3}},"line":55},"3":{"name":"(anonymous_3)","decl":{"start":{"line":56,"column":15},"end":{"line":56,"column":16}},"loc":{"start":{"line":56,"column":21},"end":{"line":58,"column":5}},"line":56},"4":{"name":"(anonymous_4)","decl":{"start":{"line":64,"column":15},"end":{"line":64,"column":16}},"loc":{"start":{"line":64,"column":21},"end":{"line":67,"column":7}},"line":64},"5":{"name":"(anonymous_5)","decl":{"start":{"line":68,"column":17},"end":{"line":68,"column":18}},"loc":{"start":{"line":68,"column":24},"end":{"line":68,"column":54}},"line":68},"6":{"name":"(anonymous_6)","decl":{"start":{"line":69,"column":18},"end":{"line":69,"column":19}},"loc":{"start":{"line":69,"column":25},"end":{"line":69,"column":52}},"line":69}},"branchMap":{"0":{"loc":{"start":{"line":74,"column":23},"end":{"line":74,"column":49}},"type":"cond-expr","locations":[{"start":{"line":74,"column":37},"end":{"line":74,"column":45}},{"start":{"line":74,"column":48},"end":{"line":74,"column":49}}],"line":74}},"s":{"0":3,"1":3,"2":0,"3":0,"4":0,"5":0,"6":0,"7":0,"8":0,"9":0,"10":0,"11":0},"f":{"0":3,"1":0,"2":0,"3":0,"4":0,"5":0,"6":0},"b":{"0":[0,0]},"_coverageSchema":"1a1c01bbd47fc00a2c39e90264f33305004495a9","hash":"1837cfd4036ed41f1b3c0e14fbbb9d60c7011ed8"}
,"/Users/niallbarber/htdocs/react-native/ChillBreathe/src/components/Badges/BadgeInner/index.tsx": {"path":"/Users/niallbarber/htdocs/react-native/ChillBreathe/src/components/Badges/BadgeInner/index.tsx","statementMap":{},"fnMap":{},"branchMap":{},"s":{},"f":{},"b":{},"_coverageSchema":"1a1c01bbd47fc00a2c39e90264f33305004495a9","hash":"35865fc856309cb8542f4a0dcfc18f9619fcdddf"}
,"/Users/niallbarber/htdocs/react-native/ChillBreathe/src/components/Block/Block.tsx": {"path":"/Users/niallbarber/htdocs/react-native/ChillBreathe/src/components/Block/Block.tsx","statementMap":{"0":{"start":{"line":30,"column":19},"end":{"line":30,"column":29}},"1":{"start":{"line":32,"column":17},"end":{"line":72,"column":4}},"2":{"start":{"line":74,"column":24},"end":{"line":74,"column":39}},"3":{"start":{"line":75,"column":16},"end":{"line":75,"column":41}},"4":{"start":{"line":77,"column":21},"end":{"line":79,"column":5}},"5":{"start":{"line":77,"column":45},"end":{"line":79,"column":3}},"6":{"start":{"line":81,"column":2},"end":{"line":86,"column":14}},"7":{"start":{"line":82,"column":24},"end":{"line":84,"column":6}},"8":{"start":{"line":83,"column":6},"end":{"line":83,"column":34}},"9":{"start":{"line":85,"column":4},"end":{"line":85,"column":23}},"10":{"start":{"line":89,"column":4},"end":{"line":89,"column":24}},"11":{"start":{"line":90,"column":4},"end":{"line":90,"column":25}},"12":{"start":{"line":91,"column":4},"end":{"line":91,"column":32}},"13":{"start":{"line":94,"column":2},"end":{"line":110,"column":4}},"14":{"start":{"line":102,"column":26},"end":{"line":102,"column":56}},"15":{"start":{"line":103,"column":27},"end":{"line":103,"column":54}}},"fnMap":{"0":{"name":"Block","decl":{"start":{"line":29,"column":24},"end":{"line":29,"column":29}},"loc":{"start":{"line":29,"column":79},"end":{"line":111,"column":1}},"line":29},"1":{"name":"(anonymous_1)","decl":{"start":{"line":77,"column":38},"end":{"line":77,"column":39}},"loc":{"start":{"line":77,"column":45},"end":{"line":79,"column":3}},"line":77},"2":{"name":"(anonymous_2)","decl":{"start":{"line":81,"column":12},"end":{"line":81,"column":13}},"loc":{"start":{"line":81,"column":18},"end":{"line":86,"column":3}},"line":81},"3":{"name":"(anonymous_3)","decl":{"start":{"line":82,"column":45},"end":{"line":82,"column":46}},"loc":{"start":{"line":82,"column":51},"end":{"line":84,"column":5}},"line":82},"4":{"name":"handlePressBlock","decl":{"start":{"line":88,"column":11},"end":{"line":88,"column":27}},"loc":{"start":{"line":88,"column":36},"end":{"line":92,"column":3}},"line":88},"5":{"name":"(anonymous_5)","decl":{"start":{"line":102,"column":19},"end":{"line":102,"column":20}},"loc":{"start":{"line":102,"column":26},"end":{"line":102,"column":56}},"line":102},"6":{"name":"(anonymous_6)","decl":{"start":{"line":103,"column":20},"end":{"line":103,"column":21}},"loc":{"start":{"line":103,"column":27},"end":{"line":103,"column":54}},"line":103}},"branchMap":{"0":{"loc":{"start":{"line":29,"column":42},"end":{"line":29,"column":55}},"type":"default-arg","locations":[{"start":{"line":29,"column":53},"end":{"line":29,"column":55}}],"line":29},"1":{"loc":{"start":{"line":90,"column":4},"end":{"line":90,"column":24}},"type":"binary-expr","locations":[{"start":{"line":90,"column":4},"end":{"line":90,"column":11}},{"start":{"line":90,"column":15},"end":{"line":90,"column":24}}],"line":90},"2":{"loc":{"start":{"line":96,"column":25},"end":{"line":96,"column":33}},"type":"binary-expr","locations":[{"start":{"line":96,"column":25},"end":{"line":96,"column":27}},{"start":{"line":96,"column":31},"end":{"line":96,"column":33}}],"line":96}},"s":{"0":0,"1":0,"2":0,"3":0,"4":0,"5":0,"6":0,"7":0,"8":0,"9":0,"10":0,"11":0,"12":0,"13":0,"14":0,"15":0},"f":{"0":0,"1":0,"2":0,"3":0,"4":0,"5":0,"6":0},"b":{"0":[0],"1":[0,0],"2":[0,0]}}
,"/Users/niallbarber/htdocs/react-native/ChillBreathe/src/components/Block/index.tsx": {"path":"/Users/niallbarber/htdocs/react-native/ChillBreathe/src/components/Block/index.tsx","statementMap":{},"fnMap":{},"branchMap":{},"s":{},"f":{},"b":{}}
,"/Users/niallbarber/htdocs/react-native/ChillBreathe/src/components/Button/Button.tsx": {"path":"/Users/niallbarber/htdocs/react-native/ChillBreathe/src/components/Button/Button.tsx","statementMap":{"0":{"start":{"line":34,"column":19},"end":{"line":34,"column":29}},"1":{"start":{"line":36,"column":17},"end":{"line":65,"column":4}},"2":{"start":{"line":67,"column":16},"end":{"line":67,"column":41}},"3":{"start":{"line":69,"column":22},"end":{"line":71,"column":5}},"4":{"start":{"line":69,"column":46},"end":{"line":71,"column":3}},"5":{"start":{"line":73,"column":20},"end":{"line":73,"column":58}},"6":{"start":{"line":73,"column":27},"end":{"line":73,"column":57}},"7":{"start":{"line":74,"column":21},"end":{"line":74,"column":56}},"8":{"start":{"line":74,"column":28},"end":{"line":74,"column":55}},"9":{"start":{"line":76,"column":2},"end":{"line":86,"column":4}}},"fnMap":{"0":{"name":"ActionButton","decl":{"start":{"line":27,"column":24},"end":{"line":27,"column":36}},"loc":{"start":{"line":33,"column":22},"end":{"line":87,"column":1}},"line":33},"1":{"name":"(anonymous_1)","decl":{"start":{"line":69,"column":39},"end":{"line":69,"column":40}},"loc":{"start":{"line":69,"column":46},"end":{"line":71,"column":3}},"line":69},"2":{"name":"(anonymous_2)","decl":{"start":{"line":73,"column":20},"end":{"line":73,"column":21}},"loc":{"start":{"line":73,"column":27},"end":{"line":73,"column":57}},"line":73},"3":{"name":"(anonymous_3)","decl":{"start":{"line":74,"column":21},"end":{"line":74,"column":22}},"loc":{"start":{"line":74,"column":28},"end":{"line":74,"column":55}},"line":74}},"branchMap":{"0":{"loc":{"start":{"line":29,"column":2},"end":{"line":29,"column":18}},"type":"default-arg","locations":[{"start":{"line":29,"column":9},"end":{"line":29,"column":18}}],"line":29},"1":{"loc":{"start":{"line":79,"column":16},"end":{"line":79,"column":52}},"type":"cond-expr","locations":[{"start":{"line":79,"column":24},"end":{"line":79,"column":39}},{"start":{"line":79,"column":42},"end":{"line":79,"column":52}}],"line":79},"2":{"loc":{"start":{"line":81,"column":34},"end":{"line":81,"column":72}},"type":"cond-expr","locations":[{"start":{"line":81,"column":42},"end":{"line":81,"column":58}},{"start":{"line":81,"column":61},"end":{"line":81,"column":72}}],"line":81}},"s":{"0":0,"1":0,"2":0,"3":0,"4":0,"5":0,"6":0,"7":0,"8":0,"9":0},"f":{"0":0,"1":0,"2":0,"3":0},"b":{"0":[0],"1":[0,0],"2":[0,0]}}
,"/Users/niallbarber/htdocs/react-native/ChillBreathe/src/components/Button/index.tsx": {"path":"/Users/niallbarber/htdocs/react-native/ChillBreathe/src/components/Button/index.tsx","statementMap":{},"fnMap":{},"branchMap":{},"s":{},"f":{},"b":{}}
,"/Users/niallbarber/htdocs/react-native/ChillBreathe/src/components/Error/ErrorText.tsx": {"path":"/Users/niallbarber/htdocs/react-native/ChillBreathe/src/components/Error/ErrorText.tsx","statementMap":{"0":{"start":{"line":16,"column":17},"end":{"line":25,"column":4}},"1":{"start":{"line":27,"column":2},"end":{"line":27,"column":54}}},"fnMap":{"0":{"name":"ErrorText","decl":{"start":{"line":15,"column":24},"end":{"line":15,"column":33}},"loc":{"start":{"line":15,"column":58},"end":{"line":28,"column":1}},"line":15}},"branchMap":{},"s":{"0":0,"1":0},"f":{"0":0},"b":{}}
,"/Users/niallbarber/htdocs/react-native/ChillBreathe/src/components/Error/index.tsx": {"path":"/Users/niallbarber/htdocs/react-native/ChillBreathe/src/components/Error/index.tsx","statementMap":{},"fnMap":{},"branchMap":{},"s":{},"f":{},"b":{}}
,"/Users/niallbarber/htdocs/react-native/ChillBreathe/src/components/Exercise/Button.tsx": {"path":"/Users/niallbarber/htdocs/react-native/ChillBreathe/src/components/Exercise/Button.tsx","statementMap":{"0":{"start":{"line":30,"column":20},"end":{"line":35,"column":25}},"1":{"start":{"line":37,"column":0},"end":{"line":62,"column":3}},"2":{"start":{"line":38,"column":2},"end":{"line":40,"column":3}},"3":{"start":{"line":39,"column":4},"end":{"line":39,"column":53}},"4":{"start":{"line":42,"column":2},"end":{"line":44,"column":5}},"5":{"start":{"line":43,"column":4},"end":{"line":43,"column":30}},"6":{"start":{"line":46,"column":18},"end":{"line":49,"column":3}},"7":{"start":{"line":51,"column":2},"end":{"line":61,"column":4}},"8":{"start":{"line":54,"column":6},"end":{"line":57,"column":7}},"9":{"start":{"line":55,"column":8},"end":{"line":55,"column":60}},"10":{"start":{"line":56,"column":8},"end":{"line":56,"column":15}},"11":{"start":{"line":65,"column":19},"end":{"line":65,"column":29}},"12":{"start":{"line":67,"column":17},"end":{"line":102,"column":4}},"13":{"start":{"line":104,"column":27},"end":{"line":104,"column":54}},"14":{"start":{"line":105,"column":30},"end":{"line":105,"column":68}},"15":{"start":{"line":106,"column":25},"end":{"line":106,"column":65}},"16":{"start":{"line":109,"column":4},"end":{"line":112,"column":5}},"17":{"start":{"line":110,"column":6},"end":{"line":110,"column":15}},"18":{"start":{"line":111,"column":6},"end":{"line":111,"column":28}},"19":{"start":{"line":116,"column":4},"end":{"line":116,"column":12}},"20":{"start":{"line":117,"column":4},"end":{"line":117,"column":26}},"21":{"start":{"line":120,"column":2},"end":{"line":144,"column":4}}},"fnMap":{"0":{"name":"(anonymous_0)","decl":{"start":{"line":37,"column":42},"end":{"line":37,"column":43}},"loc":{"start":{"line":37,"column":61},"end":{"line":62,"column":1}},"line":37},"1":{"name":"(anonymous_1)","decl":{"start":{"line":42,"column":44},"end":{"line":42,"column":45}},"loc":{"start":{"line":42,"column":62},"end":{"line":44,"column":3}},"line":42},"2":{"name":"(anonymous_2)","decl":{"start":{"line":53,"column":4},"end":{"line":53,"column":5}},"loc":{"start":{"line":53,"column":50},"end":{"line":60,"column":5}},"line":53},"3":{"name":"ExerciseButton","decl":{"start":{"line":64,"column":24},"end":{"line":64,"column":38}},"loc":{"start":{"line":64,"column":77},"end":{"line":145,"column":1}},"line":64},"4":{"name":"beginExerciseIfNotActive","decl":{"start":{"line":108,"column":11},"end":{"line":108,"column":35}},"loc":{"start":{"line":108,"column":44},"end":{"line":113,"column":3}},"line":108},"5":{"name":"cancelExercise","decl":{"start":{"line":115,"column":11},"end":{"line":115,"column":25}},"loc":{"start":{"line":115,"column":34},"end":{"line":118,"column":3}},"line":115}},"branchMap":{"0":{"loc":{"start":{"line":38,"column":2},"end":{"line":40,"column":3}},"type":"if","locations":[{"start":{"line":38,"column":2},"end":{"line":40,"column":3}},{"start":{},"end":{}}],"line":38},"1":{"loc":{"start":{"line":54,"column":6},"end":{"line":57,"column":7}},"type":"if","locations":[{"start":{"line":54,"column":6},"end":{"line":57,"column":7}},{"start":{},"end":{}}],"line":54},"2":{"loc":{"start":{"line":106,"column":25},"end":{"line":106,"column":65}},"type":"binary-expr","locations":[{"start":{"line":106,"column":25},"end":{"line":106,"column":44}},{"start":{"line":106,"column":48},"end":{"line":106,"column":65}}],"line":106},"3":{"loc":{"start":{"line":109,"column":4},"end":{"line":112,"column":5}},"type":"if","locations":[{"start":{"line":109,"column":4},"end":{"line":112,"column":5}},{"start":{},"end":{}}],"line":109},"4":{"loc":{"start":{"line":123,"column":9},"end":{"line":141,"column":9}},"type":"cond-expr","locations":[{"start":{"line":124,"column":10},"end":{"line":126,"column":16}},{"start":{"line":128,"column":10},"end":{"line":140,"column":16}}],"line":123},"5":{"loc":{"start":{"line":134,"column":15},"end":{"line":138,"column":15}},"type":"cond-expr","locations":[{"start":{"line":135,"column":16},"end":{"line":135,"column":50}},{"start":{"line":137,"column":16},"end":{"line":137,"column":60}}],"line":134}},"s":{"0":0,"1":0,"2":0,"3":0,"4":0,"5":0,"6":0,"7":0,"8":0,"9":0,"10":0,"11":0,"12":0,"13":0,"14":0,"15":0,"16":0,"17":0,"18":0,"19":0,"20":0,"21":0},"f":{"0":0,"1":0,"2":0,"3":0,"4":0,"5":0},"b":{"0":[0,0],"1":[0,0],"2":[0,0],"3":[0,0],"4":[0,0],"5":[0,0]}}
,"/Users/niallbarber/htdocs/react-native/ChillBreathe/src/components/Exercise/Title.tsx": {"path":"/Users/niallbarber/htdocs/react-native/ChillBreathe/src/components/Exercise/Title.tsx","statementMap":{"0":{"start":{"line":22,"column":19},"end":{"line":22,"column":29}},"1":{"start":{"line":24,"column":17},"end":{"line":37,"column":4}},"2":{"start":{"line":39,"column":14},"end":{"line":39,"column":38}},"3":{"start":{"line":41,"column":20},"end":{"line":43,"column":5}},"4":{"start":{"line":41,"column":44},"end":{"line":43,"column":3}},"5":{"start":{"line":45,"column":2},"end":{"line":51,"column":22}},"6":{"start":{"line":46,"column":4},"end":{"line":50,"column":5}},"7":{"start":{"line":47,"column":6},"end":{"line":47,"column":40}},"8":{"start":{"line":49,"column":6},"end":{"line":49,"column":39}},"9":{"start":{"line":53,"column":2},"end":{"line":59,"column":4}}},"fnMap":{"0":{"name":"ExerciseTitle","decl":{"start":{"line":21,"column":24},"end":{"line":21,"column":37}},"loc":{"start":{"line":21,"column":77},"end":{"line":60,"column":1}},"line":21},"1":{"name":"(anonymous_1)","decl":{"start":{"line":41,"column":37},"end":{"line":41,"column":38}},"loc":{"start":{"line":41,"column":44},"end":{"line":43,"column":3}},"line":41},"2":{"name":"(anonymous_2)","decl":{"start":{"line":45,"column":12},"end":{"line":45,"column":13}},"loc":{"start":{"line":45,"column":18},"end":{"line":51,"column":3}},"line":45}},"branchMap":{"0":{"loc":{"start":{"line":46,"column":4},"end":{"line":50,"column":5}},"type":"if","locations":[{"start":{"line":46,"column":4},"end":{"line":50,"column":5}},{"start":{"line":48,"column":11},"end":{"line":50,"column":5}}],"line":46}},"s":{"0":0,"1":0,"2":0,"3":0,"4":0,"5":0,"6":0,"7":0,"8":0,"9":0},"f":{"0":0,"1":0,"2":0},"b":{"0":[0,0]}}
,"/Users/niallbarber/htdocs/react-native/ChillBreathe/src/components/Exercise/Icons/Hold.tsx": {"path":"/Users/niallbarber/htdocs/react-native/ChillBreathe/src/components/Exercise/Icons/Hold.tsx","statementMap":{"0":{"start":{"line":6,"column":2},"end":{"line":19,"column":4}}},"fnMap":{"0":{"name":"Hold","decl":{"start":{"line":5,"column":24},"end":{"line":5,"column":28}},"loc":{"start":{"line":5,"column":31},"end":{"line":20,"column":1}},"line":5}},"branchMap":{},"s":{"0":0},"f":{"0":0},"b":{}}
,"/Users/niallbarber/htdocs/react-native/ChillBreathe/src/components/Exercise/Icons/In.tsx": {"path":"/Users/niallbarber/htdocs/react-native/ChillBreathe/src/components/Exercise/Icons/In.tsx","statementMap":{"0":{"start":{"line":6,"column":2},"end":{"line":23,"column":4}}},"fnMap":{"0":{"name":"BreatheIn","decl":{"start":{"line":5,"column":24},"end":{"line":5,"column":33}},"loc":{"start":{"line":5,"column":36},"end":{"line":24,"column":1}},"line":5}},"branchMap":{},"s":{"0":0},"f":{"0":0},"b":{}}
,"/Users/niallbarber/htdocs/react-native/ChillBreathe/src/components/Exercise/Icons/InstructionContainer.tsx": {"path":"/Users/niallbarber/htdocs/react-native/ChillBreathe/src/components/Exercise/Icons/InstructionContainer.tsx","statementMap":{"0":{"start":{"line":19,"column":17},"end":{"line":25,"column":4}},"1":{"start":{"line":28,"column":4},"end":{"line":111,"column":5}},"2":{"start":{"line":30,"column":8},"end":{"line":53,"column":10}},"3":{"start":{"line":55,"column":8},"end":{"line":73,"column":10}},"4":{"start":{"line":75,"column":8},"end":{"line":93,"column":10}},"5":{"start":{"line":95,"column":8},"end":{"line":108,"column":10}},"6":{"start":{"line":110,"column":8},"end":{"line":110,"column":20}},"7":{"start":{"line":114,"column":2},"end":{"line":114,"column":59}}},"fnMap":{"0":{"name":"InstructionsContainer","decl":{"start":{"line":15,"column":24},"end":{"line":15,"column":45}},"loc":{"start":{"line":18,"column":31},"end":{"line":115,"column":1}},"line":18},"1":{"name":"getType","decl":{"start":{"line":27,"column":11},"end":{"line":27,"column":18}},"loc":{"start":{"line":27,"column":21},"end":{"line":112,"column":3}},"line":27}},"branchMap":{"0":{"loc":{"start":{"line":28,"column":4},"end":{"line":111,"column":5}},"type":"switch","locations":[{"start":{"line":29,"column":6},"end":{"line":53,"column":10}},{"start":{"line":54,"column":6},"end":{"line":73,"column":10}},{"start":{"line":74,"column":6},"end":{"line":93,"column":10}},{"start":{"line":94,"column":6},"end":{"line":108,"column":10}},{"start":{"line":109,"column":6},"end":{"line":110,"column":20}}],"line":28}},"s":{"0":0,"1":0,"2":0,"3":0,"4":0,"5":0,"6":0,"7":0},"f":{"0":0,"1":0},"b":{"0":[0,0,0,0,0]}}
,"/Users/niallbarber/htdocs/react-native/ChillBreathe/src/components/Exercise/Icons/Instructions.tsx": {"path":"/Users/niallbarber/htdocs/react-native/ChillBreathe/src/components/Exercise/Icons/Instructions.tsx","statementMap":{"0":{"start":{"line":21,"column":19},"end":{"line":21,"column":29}},"1":{"start":{"line":23,"column":17},"end":{"line":41,"column":4}},"2":{"start":{"line":43,"column":2},"end":{"line":49,"column":4}}},"fnMap":{"0":{"name":"Instructions","decl":{"start":{"line":16,"column":24},"end":{"line":16,"column":36}},"loc":{"start":{"line":20,"column":22},"end":{"line":50,"column":1}},"line":20}},"branchMap":{},"s":{"0":0,"1":0,"2":0},"f":{"0":0},"b":{}}
,"/Users/niallbarber/htdocs/react-native/ChillBreathe/src/components/Exercise/Icons/Out.tsx": {"path":"/Users/niallbarber/htdocs/react-native/ChillBreathe/src/components/Exercise/Icons/Out.tsx","statementMap":{"0":{"start":{"line":6,"column":2},"end":{"line":25,"column":4}}},"fnMap":{"0":{"name":"BreatheOut","decl":{"start":{"line":5,"column":24},"end":{"line":5,"column":34}},"loc":{"start":{"line":5,"column":37},"end":{"line":26,"column":1}},"line":5}},"branchMap":{},"s":{"0":0},"f":{"0":0},"b":{}}
,"/Users/niallbarber/htdocs/react-native/ChillBreathe/src/components/Header/Header.tsx": {"path":"/Users/niallbarber/htdocs/react-native/ChillBreathe/src/components/Header/Header.tsx","statementMap":{"0":{"start":{"line":27,"column":30},"end":{"line":27,"column":40}},"1":{"start":{"line":29,"column":17},"end":{"line":47,"column":4}},"2":{"start":{"line":49,"column":19},"end":{"line":49,"column":32}},"3":{"start":{"line":50,"column":20},"end":{"line":50,"column":43}},"4":{"start":{"line":51,"column":26},"end":{"line":51,"column":51}},"5":{"start":{"line":52,"column":26},"end":{"line":52,"column":51}},"6":{"start":{"line":54,"column":24},"end":{"line":56,"column":5}},"7":{"start":{"line":54,"column":48},"end":{"line":56,"column":3}},"8":{"start":{"line":58,"column":24},"end":{"line":60,"column":5}},"9":{"start":{"line":58,"column":48},"end":{"line":60,"column":3}},"10":{"start":{"line":63,"column":17},"end":{"line":63,"column":54}},"11":{"start":{"line":64,"column":21},"end":{"line":64,"column":67}},"12":{"start":{"line":65,"column":26},"end":{"line":65,"column":55}},"13":{"start":{"line":66,"column":26},"end":{"line":66,"column":47}},"14":{"start":{"line":67,"column":18},"end":{"line":67,"column":78}},"15":{"start":{"line":67,"column":52},"end":{"line":67,"column":77}},"16":{"start":{"line":69,"column":4},"end":{"line":69,"column":53}},"17":{"start":{"line":72,"column":2},"end":{"line":76,"column":41}},"18":{"start":{"line":73,"column":21},"end":{"line":73,"column":25}},"19":{"start":{"line":74,"column":4},"end":{"line":74,"column":54}},"20":{"start":{"line":75,"column":4},"end":{"line":75,"column":75}},"21":{"start":{"line":78,"column":2},"end":{"line":81,"column":9}},"22":{"start":{"line":79,"column":4},"end":{"line":79,"column":18}},"23":{"start":{"line":83,"column":2},"end":{"line":94,"column":4}}},"fnMap":{"0":{"name":"Header","decl":{"start":{"line":26,"column":24},"end":{"line":26,"column":30}},"loc":{"start":{"line":26,"column":33},"end":{"line":95,"column":1}},"line":26},"1":{"name":"(anonymous_1)","decl":{"start":{"line":54,"column":41},"end":{"line":54,"column":42}},"loc":{"start":{"line":54,"column":48},"end":{"line":56,"column":3}},"line":54},"2":{"name":"(anonymous_2)","decl":{"start":{"line":58,"column":41},"end":{"line":58,"column":42}},"loc":{"start":{"line":58,"column":48},"end":{"line":60,"column":3}},"line":58},"3":{"name":"getUserName","decl":{"start":{"line":62,"column":17},"end":{"line":62,"column":28}},"loc":{"start":{"line":62,"column":31},"end":{"line":70,"column":3}},"line":62},"4":{"name":"(anonymous_4)","decl":{"start":{"line":67,"column":42},"end":{"line":67,"column":43}},"loc":{"start":{"line":67,"column":52},"end":{"line":67,"column":77}},"line":67},"5":{"name":"(anonymous_5)","decl":{"start":{"line":72,"column":12},"end":{"line":72,"column":13}},"loc":{"start":{"line":72,"column":18},"end":{"line":76,"column":3}},"line":72},"6":{"name":"(anonymous_6)","decl":{"start":{"line":78,"column":12},"end":{"line":78,"column":13}},"loc":{"start":{"line":78,"column":18},"end":{"line":81,"column":3}},"line":78}},"branchMap":{"0":{"loc":{"start":{"line":87,"column":9},"end":{"line":87,"column":61}},"type":"cond-expr","locations":[{"start":{"line":87,"column":28},"end":{"line":87,"column":56}},{"start":{"line":87,"column":59},"end":{"line":87,"column":61}}],"line":87}},"s":{"0":0,"1":0,"2":0,"3":0,"4":0,"5":0,"6":0,"7":0,"8":0,"9":0,"10":0,"11":0,"12":0,"13":0,"14":0,"15":0,"16":0,"17":0,"18":0,"19":0,"20":0,"21":0,"22":0,"23":0},"f":{"0":0,"1":0,"2":0,"3":0,"4":0,"5":0,"6":0},"b":{"0":[0,0]}}
,"/Users/niallbarber/htdocs/react-native/ChillBreathe/src/components/Header/index.tsx": {"path":"/Users/niallbarber/htdocs/react-native/ChillBreathe/src/components/Header/index.tsx","statementMap":{},"fnMap":{},"branchMap":{},"s":{},"f":{},"b":{}}
,"/Users/niallbarber/htdocs/react-native/ChillBreathe/src/components/Icons/Back.tsx": {"path":"/Users/niallbarber/htdocs/react-native/ChillBreathe/src/components/Icons/Back.tsx","statementMap":{"0":{"start":{"line":12,"column":2},"end":{"line":21,"column":4}}},"fnMap":{"0":{"name":"BackIcon","decl":{"start":{"line":11,"column":24},"end":{"line":11,"column":32}},"loc":{"start":{"line":11,"column":62},"end":{"line":22,"column":1}},"line":11}},"branchMap":{"0":{"loc":{"start":{"line":11,"column":34},"end":{"line":11,"column":47}},"type":"default-arg","locations":[{"start":{"line":11,"column":41},"end":{"line":11,"column":47}}],"line":11},"1":{"loc":{"start":{"line":16,"column":12},"end":{"line":16,"column":67}},"type":"cond-expr","locations":[{"start":{"line":16,"column":30},"end":{"line":16,"column":47}},{"start":{"line":16,"column":50},"end":{"line":16,"column":67}}],"line":16}},"s":{"0":0},"f":{"0":0},"b":{"0":[0],"1":[0,0]}}
,"/Users/niallbarber/htdocs/react-native/ChillBreathe/src/components/Icons/Exit.tsx": {"path":"/Users/niallbarber/htdocs/react-native/ChillBreathe/src/components/Icons/Exit.tsx","statementMap":{"0":{"start":{"line":7,"column":19},"end":{"line":7,"column":29}},"1":{"start":{"line":9,"column":2},"end":{"line":14,"column":4}}},"fnMap":{"0":{"name":"Exit","decl":{"start":{"line":6,"column":24},"end":{"line":6,"column":28}},"loc":{"start":{"line":6,"column":74},"end":{"line":15,"column":1}},"line":6}},"branchMap":{"0":{"loc":{"start":{"line":10,"column":38},"end":{"line":10,"column":57}},"type":"binary-expr","locations":[{"start":{"line":10,"column":38},"end":{"line":10,"column":42}},{"start":{"line":10,"column":46},"end":{"line":10,"column":57}}],"line":10}},"s":{"0":0,"1":0},"f":{"0":0},"b":{"0":[0,0]}}
,"/Users/niallbarber/htdocs/react-native/ChillBreathe/src/components/Icons/Onboarding.tsx": {"path":"/Users/niallbarber/htdocs/react-native/ChillBreathe/src/components/Icons/Onboarding.tsx","statementMap":{"0":{"start":{"line":6,"column":2},"end":{"line":324,"column":4}}},"fnMap":{"0":{"name":"Onboarding","decl":{"start":{"line":5,"column":24},"end":{"line":5,"column":34}},"loc":{"start":{"line":5,"column":37},"end":{"line":325,"column":1}},"line":5}},"branchMap":{},"s":{"0":0},"f":{"0":0},"b":{}}
,"/Users/niallbarber/htdocs/react-native/ChillBreathe/src/components/Icons/Settings.tsx": {"path":"/Users/niallbarber/htdocs/react-native/ChillBreathe/src/components/Icons/Settings.tsx","statementMap":{"0":{"start":{"line":7,"column":19},"end":{"line":7,"column":29}},"1":{"start":{"line":9,"column":2},"end":{"line":14,"column":4}}},"fnMap":{"0":{"name":"SettingsIcon","decl":{"start":{"line":6,"column":24},"end":{"line":6,"column":36}},"loc":{"start":{"line":6,"column":39},"end":{"line":15,"column":1}},"line":6}},"branchMap":{},"s":{"0":0,"1":0},"f":{"0":0},"b":{}}
,"/Users/niallbarber/htdocs/react-native/ChillBreathe/src/components/Input/Input.tsx": {"path":"/Users/niallbarber/htdocs/react-native/ChillBreathe/src/components/Input/Input.tsx","statementMap":{"0":{"start":{"line":19,"column":18},"end":{"line":30,"column":1}},"1":{"start":{"line":58,"column":14},"end":{"line":119,"column":1}},"2":{"start":{"line":70,"column":19},"end":{"line":89,"column":6}},"3":{"start":{"line":91,"column":32},"end":{"line":91,"column":47}},"4":{"start":{"line":93,"column":4},"end":{"line":117,"column":6}},"5":{"start":{"line":102,"column":25},"end":{"line":102,"column":40}},"6":{"start":{"line":103,"column":24},"end":{"line":103,"column":40}}},"fnMap":{"0":{"name":"(anonymous_0)","decl":{"start":{"line":59,"column":2},"end":{"line":59,"column":3}},"loc":{"start":{"line":69,"column":8},"end":{"line":118,"column":3}},"line":69},"1":{"name":"(anonymous_1)","decl":{"start":{"line":102,"column":19},"end":{"line":102,"column":20}},"loc":{"start":{"line":102,"column":25},"end":{"line":102,"column":40}},"line":102},"2":{"name":"(anonymous_2)","decl":{"start":{"line":103,"column":18},"end":{"line":103,"column":19}},"loc":{"start":{"line":103,"column":24},"end":{"line":103,"column":40}},"line":103}},"branchMap":{"0":{"loc":{"start":{"line":97,"column":12},"end":{"line":97,"column":76}},"type":"cond-expr","locations":[{"start":{"line":97,"column":44},"end":{"line":97,"column":57}},{"start":{"line":97,"column":60},"end":{"line":97,"column":76}}],"line":97},"1":{"loc":{"start":{"line":97,"column":12},"end":{"line":97,"column":41}},"type":"binary-expr","locations":[{"start":{"line":97,"column":12},"end":{"line":97,"column":25}},{"start":{"line":97,"column":29},"end":{"line":97,"column":41}}],"line":97},"2":{"loc":{"start":{"line":98,"column":12},"end":{"line":98,"column":35}},"type":"binary-expr","locations":[{"start":{"line":98,"column":12},"end":{"line":98,"column":18}},{"start":{"line":98,"column":22},"end":{"line":98,"column":35}}],"line":98},"3":{"loc":{"start":{"line":113,"column":9},"end":{"line":115,"column":16}},"type":"cond-expr","locations":[{"start":{"line":114,"column":10},"end":{"line":114,"column":56}},{"start":{"line":115,"column":12},"end":{"line":115,"column":16}}],"line":113},"4":{"loc":{"start":{"line":113,"column":9},"end":{"line":113,"column":38}},"type":"binary-expr","locations":[{"start":{"line":113,"column":9},"end":{"line":113,"column":22}},{"start":{"line":113,"column":26},"end":{"line":113,"column":38}}],"line":113}},"s":{"0":0,"1":0,"2":0,"3":0,"4":0,"5":0,"6":0},"f":{"0":0,"1":0,"2":0},"b":{"0":[0,0],"1":[0,0],"2":[0,0],"3":[0,0],"4":[0,0]}}
,"/Users/niallbarber/htdocs/react-native/ChillBreathe/src/components/Input/index.tsx": {"path":"/Users/niallbarber/htdocs/react-native/ChillBreathe/src/components/Input/index.tsx","statementMap":{},"fnMap":{},"branchMap":{},"s":{},"f":{},"b":{}}
,"/Users/niallbarber/htdocs/react-native/ChillBreathe/src/components/Layout/Wrapper.tsx": {"path":"/Users/niallbarber/htdocs/react-native/ChillBreathe/src/components/Layout/Wrapper.tsx","statementMap":{"0":{"start":{"line":11,"column":17},"end":{"line":17,"column":4}},"1":{"start":{"line":19,"column":2},"end":{"line":19,"column":67}}},"fnMap":{"0":{"name":"Wrapper","decl":{"start":{"line":10,"column":24},"end":{"line":10,"column":31}},"loc":{"start":{"line":10,"column":65},"end":{"line":20,"column":1}},"line":10}},"branchMap":{},"s":{"0":0,"1":0},"f":{"0":0},"b":{}}
,"/Users/niallbarber/htdocs/react-native/ChillBreathe/src/components/Layout/CardLayout/CardLayout.tsx": {"path":"/Users/niallbarber/htdocs/react-native/ChillBreathe/src/components/Layout/CardLayout/CardLayout.tsx","statementMap":{"0":{"start":{"line":18,"column":20},"end":{"line":18,"column":50}},"1":{"start":{"line":21,"column":17},"end":{"line":47,"column":4}},"2":{"start":{"line":49,"column":2},"end":{"line":58,"column":4}}},"fnMap":{"0":{"name":"CardLayout","decl":{"start":{"line":20,"column":24},"end":{"line":20,"column":34}},"loc":{"start":{"line":20,"column":78},"end":{"line":59,"column":1}},"line":20}},"branchMap":{"0":{"loc":{"start":{"line":52,"column":9},"end":{"line":52,"column":65}},"type":"cond-expr","locations":[{"start":{"line":52,"column":17},"end":{"line":52,"column":58}},{"start":{"line":52,"column":61},"end":{"line":52,"column":65}}],"line":52},"1":{"loc":{"start":{"line":54,"column":17},"end":{"line":54,"column":33}},"type":"binary-expr","locations":[{"start":{"line":54,"column":17},"end":{"line":54,"column":25}},{"start":{"line":54,"column":29},"end":{"line":54,"column":33}}],"line":54}},"s":{"0":0,"1":0,"2":0},"f":{"0":0},"b":{"0":[0,0],"1":[0,0]}}
,"/Users/niallbarber/htdocs/react-native/ChillBreathe/src/components/Layout/CardLayout/index.tsx": {"path":"/Users/niallbarber/htdocs/react-native/ChillBreathe/src/components/Layout/CardLayout/index.tsx","statementMap":{},"fnMap":{},"branchMap":{},"s":{},"f":{},"b":{}}
,"/Users/niallbarber/htdocs/react-native/ChillBreathe/src/components/Layout/WrapperWithBottomBar/WrapperWithBottomBar.tsx": {"path":"/Users/niallbarber/htdocs/react-native/ChillBreathe/src/components/Layout/WrapperWithBottomBar/WrapperWithBottomBar.tsx","statementMap":{"0":{"start":{"line":14,"column":17},"end":{"line":21,"column":4}},"1":{"start":{"line":23,"column":2},"end":{"line":23,"column":58}}},"fnMap":{"0":{"name":"WrapperWithBottomBar","decl":{"start":{"line":11,"column":24},"end":{"line":11,"column":44}},"loc":{"start":{"line":13,"column":30},"end":{"line":24,"column":1}},"line":13}},"branchMap":{},"s":{"0":0,"1":0},"f":{"0":0},"b":{}}
,"/Users/niallbarber/htdocs/react-native/ChillBreathe/src/components/Layout/WrapperWithBottomBar/index.tsx": {"path":"/Users/niallbarber/htdocs/react-native/ChillBreathe/src/components/Layout/WrapperWithBottomBar/index.tsx","statementMap":{},"fnMap":{},"branchMap":{},"s":{},"f":{},"b":{}}
,"/Users/niallbarber/htdocs/react-native/ChillBreathe/src/components/Loader/Spinner.tsx": {"path":"/Users/niallbarber/htdocs/react-native/ChillBreathe/src/components/Loader/Spinner.tsx","statementMap":{"0":{"start":{"line":15,"column":19},"end":{"line":15,"column":29}},"1":{"start":{"line":17,"column":17},"end":{"line":27,"column":4}},"2":{"start":{"line":29,"column":15},"end":{"line":29,"column":34}},"3":{"start":{"line":31,"column":21},"end":{"line":33,"column":5}},"4":{"start":{"line":31,"column":45},"end":{"line":33,"column":3}},"5":{"start":{"line":35,"column":2},"end":{"line":41,"column":13}},"6":{"start":{"line":36,"column":4},"end":{"line":40,"column":6}},"7":{"start":{"line":43,"column":2},"end":{"line":43,"column":62}}},"fnMap":{"0":{"name":"Spinner","decl":{"start":{"line":14,"column":24},"end":{"line":14,"column":31}},"loc":{"start":{"line":14,"column":34},"end":{"line":44,"column":1}},"line":14},"1":{"name":"(anonymous_1)","decl":{"start":{"line":31,"column":38},"end":{"line":31,"column":39}},"loc":{"start":{"line":31,"column":45},"end":{"line":33,"column":3}},"line":31},"2":{"name":"(anonymous_2)","decl":{"start":{"line":35,"column":12},"end":{"line":35,"column":13}},"loc":{"start":{"line":35,"column":18},"end":{"line":41,"column":3}},"line":35}},"branchMap":{},"s":{"0":0,"1":0,"2":0,"3":0,"4":0,"5":0,"6":0,"7":0},"f":{"0":0,"1":0,"2":0},"b":{}}
,"/Users/niallbarber/htdocs/react-native/ChillBreathe/src/components/Loader/index.tsx": {"path":"/Users/niallbarber/htdocs/react-native/ChillBreathe/src/components/Loader/index.tsx","statementMap":{"0":{"start":{"line":19,"column":17},"end":{"line":32,"column":4}},"1":{"start":{"line":34,"column":20},"end":{"line":34,"column":45}},"2":{"start":{"line":35,"column":20},"end":{"line":35,"column":45}},"3":{"start":{"line":36,"column":22},"end":{"line":36,"column":47}},"4":{"start":{"line":38,"column":26},"end":{"line":40,"column":5}},"5":{"start":{"line":38,"column":50},"end":{"line":40,"column":3}},"6":{"start":{"line":42,"column":26},"end":{"line":44,"column":5}},"7":{"start":{"line":42,"column":50},"end":{"line":44,"column":3}},"8":{"start":{"line":46,"column":28},"end":{"line":48,"column":5}},"9":{"start":{"line":46,"column":52},"end":{"line":48,"column":3}},"10":{"start":{"line":50,"column":2},"end":{"line":65,"column":50}},"11":{"start":{"line":51,"column":4},"end":{"line":64,"column":5}},"12":{"start":{"line":52,"column":6},"end":{"line":55,"column":15}},"13":{"start":{"line":53,"column":8},"end":{"line":53,"column":42}},"14":{"start":{"line":54,"column":8},"end":{"line":54,"column":30}},"15":{"start":{"line":56,"column":6},"end":{"line":59,"column":15}},"16":{"start":{"line":57,"column":8},"end":{"line":57,"column":40}},"17":{"start":{"line":58,"column":8},"end":{"line":58,"column":30}},"18":{"start":{"line":60,"column":6},"end":{"line":63,"column":15}},"19":{"start":{"line":61,"column":8},"end":{"line":61,"column":40}},"20":{"start":{"line":62,"column":8},"end":{"line":62,"column":30}},"21":{"start":{"line":67,"column":2},"end":{"line":73,"column":4}}},"fnMap":{"0":{"name":"Loader","decl":{"start":{"line":18,"column":24},"end":{"line":18,"column":30}},"loc":{"start":{"line":18,"column":60},"end":{"line":74,"column":1}},"line":18},"1":{"name":"(anonymous_1)","decl":{"start":{"line":38,"column":43},"end":{"line":38,"column":44}},"loc":{"start":{"line":38,"column":50},"end":{"line":40,"column":3}},"line":38},"2":{"name":"(anonymous_2)","decl":{"start":{"line":42,"column":43},"end":{"line":42,"column":44}},"loc":{"start":{"line":42,"column":50},"end":{"line":44,"column":3}},"line":42},"3":{"name":"(anonymous_3)","decl":{"start":{"line":46,"column":45},"end":{"line":46,"column":46}},"loc":{"start":{"line":46,"column":52},"end":{"line":48,"column":3}},"line":46},"4":{"name":"(anonymous_4)","decl":{"start":{"line":50,"column":12},"end":{"line":50,"column":13}},"loc":{"start":{"line":50,"column":18},"end":{"line":65,"column":3}},"line":50},"5":{"name":"(anonymous_5)","decl":{"start":{"line":52,"column":17},"end":{"line":52,"column":18}},"loc":{"start":{"line":52,"column":23},"end":{"line":55,"column":7}},"line":52},"6":{"name":"(anonymous_6)","decl":{"start":{"line":56,"column":17},"end":{"line":56,"column":18}},"loc":{"start":{"line":56,"column":23},"end":{"line":59,"column":7}},"line":56},"7":{"name":"(anonymous_7)","decl":{"start":{"line":60,"column":17},"end":{"line":60,"column":18}},"loc":{"start":{"line":60,"column":23},"end":{"line":63,"column":7}},"line":60}},"branchMap":{"0":{"loc":{"start":{"line":51,"column":4},"end":{"line":64,"column":5}},"type":"if","locations":[{"start":{"line":51,"column":4},"end":{"line":64,"column":5}},{"start":{},"end":{}}],"line":51}},"s":{"0":0,"1":0,"2":0,"3":0,"4":0,"5":0,"6":0,"7":0,"8":0,"9":0,"10":0,"11":0,"12":0,"13":0,"14":0,"15":0,"16":0,"17":0,"18":0,"19":0,"20":0,"21":0},"f":{"0":0,"1":0,"2":0,"3":0,"4":0,"5":0,"6":0,"7":0},"b":{"0":[0,0]}}
,"/Users/niallbarber/htdocs/react-native/ChillBreathe/src/components/Loader/AuthLoader/AuthLoader.tsx": {"path":"/Users/niallbarber/htdocs/react-native/ChillBreathe/src/components/Loader/AuthLoader/AuthLoader.tsx","statementMap":{"0":{"start":{"line":13,"column":2},"end":{"line":19,"column":4}}},"fnMap":{"0":{"name":"AuthLoader","decl":{"start":{"line":12,"column":24},"end":{"line":12,"column":34}},"loc":{"start":{"line":12,"column":73},"end":{"line":20,"column":1}},"line":12}},"branchMap":{"0":{"loc":{"start":{"line":13,"column":9},"end":{"line":19,"column":3}},"type":"cond-expr","locations":[{"start":{"line":14,"column":4},"end":{"line":16,"column":14}},{"start":{"line":18,"column":4},"end":{"line":18,"column":12}}],"line":13}},"s":{"0":0},"f":{"0":0},"b":{"0":[0,0]}}
,"/Users/niallbarber/htdocs/react-native/ChillBreathe/src/components/Loader/AuthLoader/index.tsx": {"path":"/Users/niallbarber/htdocs/react-native/ChillBreathe/src/components/Loader/AuthLoader/index.tsx","statementMap":{},"fnMap":{},"branchMap":{},"s":{},"f":{},"b":{}}
,"/Users/niallbarber/htdocs/react-native/ChillBreathe/src/components/Modal/ModalIcon.tsx": {"path":"/Users/niallbarber/htdocs/react-native/ChillBreathe/src/components/Modal/ModalIcon.tsx","statementMap":{"0":{"start":{"line":28,"column":17},"end":{"line":40,"column":4}},"1":{"start":{"line":42,"column":21},"end":{"line":42,"column":36}},"2":{"start":{"line":44,"column":2},"end":{"line":54,"column":4}},"3":{"start":{"line":47,"column":8},"end":{"line":47,"column":29}},"4":{"start":{"line":48,"column":8},"end":{"line":48,"column":60}}},"fnMap":{"0":{"name":"ModalIcon","decl":{"start":{"line":21,"column":24},"end":{"line":21,"column":33}},"loc":{"start":{"line":27,"column":19},"end":{"line":55,"column":1}},"line":27},"1":{"name":"(anonymous_1)","decl":{"start":{"line":46,"column":15},"end":{"line":46,"column":16}},"loc":{"start":{"line":46,"column":21},"end":{"line":49,"column":7}},"line":46}},"branchMap":{"0":{"loc":{"start":{"line":47,"column":8},"end":{"line":47,"column":28}},"type":"binary-expr","locations":[{"start":{"line":47,"column":8},"end":{"line":47,"column":15}},{"start":{"line":47,"column":19},"end":{"line":47,"column":28}}],"line":47},"1":{"loc":{"start":{"line":48,"column":8},"end":{"line":48,"column":59}},"type":"cond-expr","locations":[{"start":{"line":48,"column":22},"end":{"line":48,"column":35}},{"start":{"line":48,"column":38},"end":{"line":48,"column":59}}],"line":48}},"s":{"0":0,"1":0,"2":0,"3":0,"4":0},"f":{"0":0,"1":0},"b":{"0":[0,0],"1":[0,0]}}
,"/Users/niallbarber/htdocs/react-native/ChillBreathe/src/components/Modal/index.tsx": {"path":"/Users/niallbarber/htdocs/react-native/ChillBreathe/src/components/Modal/index.tsx","statementMap":{},"fnMap":{},"branchMap":{},"s":{},"f":{},"b":{}}
,"/Users/niallbarber/htdocs/react-native/ChillBreathe/src/components/Navigator/Base/Base.tsx": {"path":"/Users/niallbarber/htdocs/react-native/ChillBreathe/src/components/Navigator/Base/Base.tsx","statementMap":{"0":{"start":{"line":15,"column":26},"end":{"line":15,"column":45}},"1":{"start":{"line":16,"column":22},"end":{"line":16,"column":24}},"2":{"start":{"line":19,"column":23},"end":{"line":19,"column":27}},"3":{"start":{"line":22,"column":4},"end":{"line":22,"column":64}},"4":{"start":{"line":23,"column":4},"end":{"line":23,"column":28}},"5":{"start":{"line":24,"column":4},"end":{"line":24,"column":27}},"6":{"start":{"line":28,"column":4},"end":{"line":30,"column":18}},"7":{"start":{"line":34,"column":4},"end":{"line":34,"column":36}},"8":{"start":{"line":35,"column":4},"end":{"line":35,"column":34}},"9":{"start":{"line":39,"column":4},"end":{"line":39,"column":20}},"10":{"start":{"line":40,"column":4},"end":{"line":40,"column":22}},"11":{"start":{"line":44,"column":0},"end":{"line":50,"column":3}},"12":{"start":{"line":53,"column":19},"end":{"line":53,"column":32}},"13":{"start":{"line":54,"column":17},"end":{"line":54,"column":33}},"14":{"start":{"line":55,"column":15},"end":{"line":55,"column":38}},"15":{"start":{"line":57,"column":2},"end":{"line":59,"column":31}},"16":{"start":{"line":58,"column":4},"end":{"line":58,"column":31}},"17":{"start":{"line":61,"column":2},"end":{"line":65,"column":4}}},"fnMap":{"0":{"name":"(anonymous_0)","decl":{"start":{"line":21,"column":2},"end":{"line":21,"column":3}},"loc":{"start":{"line":21,"column":54},"end":{"line":25,"column":3}},"line":21},"1":{"name":"(anonymous_1)","decl":{"start":{"line":27,"column":2},"end":{"line":27,"column":3}},"loc":{"start":{"line":27,"column":39},"end":{"line":31,"column":3}},"line":27},"2":{"name":"(anonymous_2)","decl":{"start":{"line":33,"column":2},"end":{"line":33,"column":3}},"loc":{"start":{"line":33,"column":42},"end":{"line":36,"column":3}},"line":33},"3":{"name":"(anonymous_3)","decl":{"start":{"line":38,"column":2},"end":{"line":38,"column":3}},"loc":{"start":{"line":38,"column":25},"end":{"line":41,"column":3}},"line":38},"4":{"name":"Base","decl":{"start":{"line":52,"column":24},"end":{"line":52,"column":28}},"loc":{"start":{"line":52,"column":31},"end":{"line":66,"column":1}},"line":52},"5":{"name":"(anonymous_5)","decl":{"start":{"line":57,"column":12},"end":{"line":57,"column":13}},"loc":{"start":{"line":57,"column":18},"end":{"line":59,"column":3}},"line":57}},"branchMap":{"0":{"loc":{"start":{"line":28,"column":11},"end":{"line":30,"column":17}},"type":"cond-expr","locations":[{"start":{"line":29,"column":8},"end":{"line":29,"column":23}},{"start":{"line":30,"column":8},"end":{"line":30,"column":17}}],"line":28}},"s":{"0":0,"1":0,"2":0,"3":0,"4":0,"5":0,"6":0,"7":0,"8":0,"9":0,"10":0,"11":0,"12":0,"13":0,"14":0,"15":0,"16":0,"17":0},"f":{"0":0,"1":0,"2":0,"3":0,"4":0,"5":0},"b":{"0":[0,0]}}
,"/Users/niallbarber/htdocs/react-native/ChillBreathe/src/components/Navigator/Base/index.tsx": {"path":"/Users/niallbarber/htdocs/react-native/ChillBreathe/src/components/Navigator/Base/index.tsx","statementMap":{},"fnMap":{},"branchMap":{},"s":{},"f":{},"b":{}}
,"/Users/niallbarber/htdocs/react-native/ChillBreathe/src/components/Navigator/BottomTabs/BottomTabs.tsx": {"path":"/Users/niallbarber/htdocs/react-native/ChillBreathe/src/components/Navigator/BottomTabs/BottomTabs.tsx","statementMap":{"0":{"start":{"line":6,"column":2},"end":{"line":10,"column":4}}},"fnMap":{"0":{"name":"BottomTabs","decl":{"start":{"line":5,"column":24},"end":{"line":5,"column":34}},"loc":{"start":{"line":5,"column":37},"end":{"line":11,"column":1}},"line":5}},"branchMap":{},"s":{"0":0},"f":{"0":0},"b":{}}
,"/Users/niallbarber/htdocs/react-native/ChillBreathe/src/components/Navigator/BottomTabs/index.tsx": {"path":"/Users/niallbarber/htdocs/react-native/ChillBreathe/src/components/Navigator/BottomTabs/index.tsx","statementMap":{},"fnMap":{},"branchMap":{},"s":{},"f":{},"b":{}}
,"/Users/niallbarber/htdocs/react-native/ChillBreathe/src/components/Navigator/RootNavigator/RootNavigator.tsx": {"path":"/Users/niallbarber/htdocs/react-native/ChillBreathe/src/components/Navigator/RootNavigator/RootNavigator.tsx","statementMap":{"0":{"start":{"line":27,"column":16},"end":{"line":27,"column":36}},"1":{"start":{"line":31,"column":4},"end":{"line":31,"column":59}},"2":{"start":{"line":33,"column":2},"end":{"line":84,"column":4}},"3":{"start":{"line":66,"column":10},"end":{"line":69,"column":11}},"4":{"start":{"line":67,"column":39},"end":{"line":67,"column":51}},"5":{"start":{"line":68,"column":12},"end":{"line":68,"column":43}},"6":{"start":{"line":77,"column":10},"end":{"line":80,"column":11}},"7":{"start":{"line":78,"column":27},"end":{"line":78,"column":39}},"8":{"start":{"line":79,"column":12},"end":{"line":79,"column":26}}},"fnMap":{"0":{"name":"RootNavigator","decl":{"start":{"line":29,"column":24},"end":{"line":29,"column":37}},"loc":{"start":{"line":29,"column":40},"end":{"line":85,"column":1}},"line":29},"1":{"name":"(anonymous_1)","decl":{"start":{"line":65,"column":24},"end":{"line":65,"column":25}},"loc":{"start":{"line":65,"column":56},"end":{"line":70,"column":9}},"line":65},"2":{"name":"(anonymous_2)","decl":{"start":{"line":76,"column":24},"end":{"line":76,"column":25}},"loc":{"start":{"line":76,"column":44},"end":{"line":81,"column":9}},"line":76}},"branchMap":{"0":{"loc":{"start":{"line":66,"column":10},"end":{"line":69,"column":11}},"type":"if","locations":[{"start":{"line":66,"column":10},"end":{"line":69,"column":11}},{"start":{},"end":{}}],"line":66},"1":{"loc":{"start":{"line":66,"column":14},"end":{"line":66,"column":51}},"type":"binary-expr","locations":[{"start":{"line":66,"column":14},"end":{"line":66,"column":40}},{"start":{"line":66,"column":44},"end":{"line":66,"column":51}}],"line":66},"2":{"loc":{"start":{"line":77,"column":10},"end":{"line":80,"column":11}},"type":"if","locations":[{"start":{"line":77,"column":10},"end":{"line":80,"column":11}},{"start":{},"end":{}}],"line":77}},"s":{"0":0,"1":0,"2":0,"3":0,"4":0,"5":0,"6":0,"7":0,"8":0},"f":{"0":0,"1":0,"2":0},"b":{"0":[0,0],"1":[0,0],"2":[0,0]}}
,"/Users/niallbarber/htdocs/react-native/ChillBreathe/src/components/Navigator/RootNavigator/index.tsx": {"path":"/Users/niallbarber/htdocs/react-native/ChillBreathe/src/components/Navigator/RootNavigator/index.tsx","statementMap":{},"fnMap":{},"branchMap":{},"s":{},"f":{},"b":{}}
,"/Users/niallbarber/htdocs/react-native/ChillBreathe/src/components/Navigator/TabNavigator/TabNavigator.tsx": {"path":"/Users/niallbarber/htdocs/react-native/ChillBreathe/src/components/Navigator/TabNavigator/TabNavigator.tsx","statementMap":{"0":{"start":{"line":19,"column":16},"end":{"line":19,"column":36}},"1":{"start":{"line":21,"column":12},"end":{"line":21,"column":57}},"2":{"start":{"line":24,"column":19},"end":{"line":24,"column":29}},"3":{"start":{"line":26,"column":22},"end":{"line":44,"column":3}},"4":{"start":{"line":46,"column":2},"end":{"line":65,"column":4}},"5":{"start":{"line":54,"column":12},"end":{"line":57,"column":19}}},"fnMap":{"0":{"name":"TabNavigator","decl":{"start":{"line":23,"column":24},"end":{"line":23,"column":36}},"loc":{"start":{"line":23,"column":39},"end":{"line":66,"column":1}},"line":23},"1":{"name":"(anonymous_1)","decl":{"start":{"line":53,"column":22},"end":{"line":53,"column":23}},"loc":{"start":{"line":54,"column":12},"end":{"line":57,"column":19}},"line":54}},"branchMap":{},"s":{"0":0,"1":0,"2":0,"3":0,"4":0,"5":0},"f":{"0":0,"1":0},"b":{}}
,"/Users/niallbarber/htdocs/react-native/ChillBreathe/src/components/Navigator/TabNavigator/index.tsx": {"path":"/Users/niallbarber/htdocs/react-native/ChillBreathe/src/components/Navigator/TabNavigator/index.tsx","statementMap":{},"fnMap":{},"branchMap":{},"s":{},"f":{},"b":{}}
,"/Users/niallbarber/htdocs/react-native/ChillBreathe/src/components/helpers/Button/index.tsx": {"path":"/Users/niallbarber/htdocs/react-native/ChillBreathe/src/components/helpers/Button/index.tsx","statementMap":{"0":{"start":{"line":24,"column":2},"end":{"line":37,"column":4}}},"fnMap":{"0":{"name":"Btn","decl":{"start":{"line":15,"column":24},"end":{"line":15,"column":27}},"loc":{"start":{"line":23,"column":13},"end":{"line":38,"column":1}},"line":23}},"branchMap":{},"s":{"0":0},"f":{"0":0},"b":{},"_coverageSchema":"1a1c01bbd47fc00a2c39e90264f33305004495a9","hash":"c7e630c8d93d04da819d05e7f804f2207a5e10fa"}
,"/Users/niallbarber/htdocs/react-native/ChillBreathe/src/components/helpers/Scrollview/index.tsx": {"path":"/Users/niallbarber/htdocs/react-native/ChillBreathe/src/components/helpers/Scrollview/index.tsx","statementMap":{"0":{"start":{"line":11,"column":2},"end":{"line":19,"column":4}}},"fnMap":{"0":{"name":"Scroll","decl":{"start":{"line":10,"column":24},"end":{"line":10,"column":30}},"loc":{"start":{"line":10,"column":59},"end":{"line":20,"column":1}},"line":10}},"branchMap":{},"s":{"0":1},"f":{"0":1},"b":{},"_coverageSchema":"1a1c01bbd47fc00a2c39e90264f33305004495a9","hash":"d39794f8bb807e7de4b78ef7fe8b7c9c03a5ba32"}
,"/Users/niallbarber/htdocs/react-native/ChillBreathe/src/components/typography/Heading/Heading.tsx": {"path":"/Users/niallbarber/htdocs/react-native/ChillBreathe/src/components/typography/Heading/Heading.tsx","statementMap":{"0":{"start":{"line":11,"column":17},"end":{"line":15,"column":4}},"1":{"start":{"line":17,"column":2},"end":{"line":17,"column":62}}},"fnMap":{"0":{"name":"H","decl":{"start":{"line":10,"column":24},"end":{"line":10,"column":25}},"loc":{"start":{"line":10,"column":53},"end":{"line":18,"column":1}},"line":10}},"branchMap":{},"s":{"0":0,"1":0},"f":{"0":0},"b":{}}
,"/Users/niallbarber/htdocs/react-native/ChillBreathe/src/components/typography/Heading/index.tsx": {"path":"/Users/niallbarber/htdocs/react-native/ChillBreathe/src/components/typography/Heading/index.tsx","statementMap":{},"fnMap":{},"branchMap":{},"s":{},"f":{},"b":{}}
,"/Users/niallbarber/htdocs/react-native/ChillBreathe/src/components/typography/Paragraph/Paragraph.tsx": {"path":"/Users/niallbarber/htdocs/react-native/ChillBreathe/src/components/typography/Paragraph/Paragraph.tsx","statementMap":{"0":{"start":{"line":12,"column":17},"end":{"line":16,"column":4}},"1":{"start":{"line":18,"column":2},"end":{"line":18,"column":62}}},"fnMap":{"0":{"name":"P","decl":{"start":{"line":11,"column":24},"end":{"line":11,"column":25}},"loc":{"start":{"line":11,"column":73},"end":{"line":19,"column":1}},"line":11}},"branchMap":{"0":{"loc":{"start":{"line":11,"column":34},"end":{"line":11,"column":52}},"type":"default-arg","locations":[{"start":{"line":11,"column":43},"end":{"line":11,"column":52}}],"line":11}},"s":{"0":0,"1":0},"f":{"0":0},"b":{"0":[0]}}
,"/Users/niallbarber/htdocs/react-native/ChillBreathe/src/components/typography/Paragraph/index.tsx": {"path":"/Users/niallbarber/htdocs/react-native/ChillBreathe/src/components/typography/Paragraph/index.tsx","statementMap":{},"fnMap":{},"branchMap":{},"s":{},"f":{},"b":{}}
,"/Users/niallbarber/htdocs/react-native/ChillBreathe/src/components/typography/Title/Title.tsx": {"path":"/Users/niallbarber/htdocs/react-native/ChillBreathe/src/components/typography/Title/Title.tsx","statementMap":{"0":{"start":{"line":22,"column":17},"end":{"line":29,"column":4}},"1":{"start":{"line":31,"column":2},"end":{"line":35,"column":4}}},"fnMap":{"0":{"name":"Title","decl":{"start":{"line":21,"column":24},"end":{"line":21,"column":29}},"loc":{"start":{"line":21,"column":57},"end":{"line":36,"column":1}},"line":21}},"branchMap":{},"s":{"0":0,"1":0},"f":{"0":0},"b":{}}
,"/Users/niallbarber/htdocs/react-native/ChillBreathe/src/components/typography/Title/index.tsx": {"path":"/Users/niallbarber/htdocs/react-native/ChillBreathe/src/components/typography/Title/index.tsx","statementMap":{},"fnMap":{},"branchMap":{},"s":{},"f":{},"b":{}}
,"/Users/niallbarber/htdocs/react-native/ChillBreathe/src/constants/errors.ts": {"path":"/Users/niallbarber/htdocs/react-native/ChillBreathe/src/constants/errors.ts","statementMap":{"0":{"start":{"line":1,"column":25},"end":{"line":7,"column":1}},"1":{"start":{"line":9,"column":57},"end":{"line":16,"column":1}},"2":{"start":{"line":18,"column":73},"end":{"line":21,"column":1}},"3":{"start":{"line":23,"column":51},"end":{"line":43,"column":1}}},"fnMap":{},"branchMap":{},"s":{"0":0,"1":0,"2":0,"3":0},"f":{},"b":{}}
,"/Users/niallbarber/htdocs/react-native/ChillBreathe/src/constants/exercises.ts": {"path":"/Users/niallbarber/htdocs/react-native/ChillBreathe/src/constants/exercises.ts","statementMap":{"0":{"start":{"line":12,"column":18},"end":{"line":12,"column":30}},"1":{"start":{"line":13,"column":19},"end":{"line":13,"column":25}},"2":{"start":{"line":14,"column":20},"end":{"line":14,"column":33}},"3":{"start":{"line":16,"column":13},"end":{"line":16,"column":23}},"4":{"start":{"line":18,"column":58},"end":{"line":41,"column":1}},"5":{"start":{"line":43,"column":33},"end":{"line":43,"column":60}},"6":{"start":{"line":45,"column":24},"end":{"line":68,"column":1}},"7":{"start":{"line":70,"column":58},"end":{"line":74,"column":1}},"8":{"start":{"line":87,"column":33},"end":{"line":247,"column":1}}},"fnMap":{},"branchMap":{},"s":{"0":1,"1":1,"2":1,"3":1,"4":1,"5":1,"6":1,"7":1,"8":1},"f":{},"b":{},"_coverageSchema":"1a1c01bbd47fc00a2c39e90264f33305004495a9","hash":"e77df854a6b94eca564e94cc46709e0c26775838"}
,"/Users/niallbarber/htdocs/react-native/ChillBreathe/src/graphql/mutations.ts": {"path":"/Users/niallbarber/htdocs/react-native/ChillBreathe/src/graphql/mutations.ts","statementMap":{"0":{"start":{"line":5,"column":40},"end":{"line":41,"column":1}},"1":{"start":{"line":42,"column":40},"end":{"line":78,"column":1}},"2":{"start":{"line":79,"column":40},"end":{"line":115,"column":1}},"3":{"start":{"line":116,"column":46},"end":{"line":141,"column":1}},"4":{"start":{"line":142,"column":46},"end":{"line":167,"column":1}},"5":{"start":{"line":168,"column":46},"end":{"line":193,"column":1}},"6":{"start":{"line":194,"column":44},"end":{"line":208,"column":1}},"7":{"start":{"line":209,"column":44},"end":{"line":223,"column":1}},"8":{"start":{"line":224,"column":44},"end":{"line":238,"column":1}},"9":{"start":{"line":239,"column":48},"end":{"line":253,"column":1}},"10":{"start":{"line":254,"column":48},"end":{"line":268,"column":1}},"11":{"start":{"line":269,"column":48},"end":{"line":283,"column":1}}},"fnMap":{},"branchMap":{},"s":{"0":0,"1":0,"2":0,"3":0,"4":0,"5":0,"6":0,"7":0,"8":0,"9":0,"10":0,"11":0},"f":{},"b":{}}
,"/Users/niallbarber/htdocs/react-native/ChillBreathe/src/graphql/queries.ts": {"path":"/Users/niallbarber/htdocs/react-native/ChillBreathe/src/graphql/queries.ts","statementMap":{"0":{"start":{"line":5,"column":37},"end":{"line":38,"column":1}},"1":{"start":{"line":39,"column":39},"end":{"line":63,"column":1}},"2":{"start":{"line":64,"column":43},"end":{"line":86,"column":1}},"3":{"start":{"line":87,"column":45},"end":{"line":108,"column":1}},"4":{"start":{"line":109,"column":41},"end":{"line":120,"column":1}},"5":{"start":{"line":121,"column":43},"end":{"line":139,"column":1}},"6":{"start":{"line":140,"column":45},"end":{"line":151,"column":1}},"7":{"start":{"line":152,"column":47},"end":{"line":170,"column":1}}},"fnMap":{},"branchMap":{},"s":{"0":0,"1":0,"2":0,"3":0,"4":0,"5":0,"6":0,"7":0},"f":{},"b":{}}
,"/Users/niallbarber/htdocs/react-native/ChillBreathe/src/graphql/subscriptions.ts": {"path":"/Users/niallbarber/htdocs/react-native/ChillBreathe/src/graphql/subscriptions.ts","statementMap":{"0":{"start":{"line":5,"column":42},"end":{"line":38,"column":1}},"1":{"start":{"line":39,"column":42},"end":{"line":72,"column":1}},"2":{"start":{"line":73,"column":42},"end":{"line":106,"column":1}},"3":{"start":{"line":107,"column":48},"end":{"line":129,"column":1}},"4":{"start":{"line":130,"column":48},"end":{"line":152,"column":1}},"5":{"start":{"line":153,"column":48},"end":{"line":175,"column":1}},"6":{"start":{"line":176,"column":46},"end":{"line":187,"column":1}},"7":{"start":{"line":188,"column":46},"end":{"line":199,"column":1}},"8":{"start":{"line":200,"column":46},"end":{"line":211,"column":1}},"9":{"start":{"line":212,"column":50},"end":{"line":223,"column":1}},"10":{"start":{"line":224,"column":50},"end":{"line":235,"column":1}},"11":{"start":{"line":236,"column":50},"end":{"line":247,"column":1}}},"fnMap":{},"branchMap":{},"s":{"0":0,"1":0,"2":0,"3":0,"4":0,"5":0,"6":0,"7":0,"8":0,"9":0,"10":0,"11":0},"f":{},"b":{}}
,"/Users/niallbarber/htdocs/react-native/ChillBreathe/src/hooks/useGetAnimation.ts": {"path":"/Users/niallbarber/htdocs/react-native/ChillBreathe/src/hooks/useGetAnimation.ts","statementMap":{"0":{"start":{"line":46,"column":19},"end":{"line":46,"column":32}},"1":{"start":{"line":47,"column":19},"end":{"line":47,"column":46}},"2":{"start":{"line":48,"column":32},"end":{"line":48,"column":51}},"3":{"start":{"line":49,"column":22},"end":{"line":49,"column":59}},"4":{"start":{"line":50,"column":23},"end":{"line":50,"column":48}},"5":{"start":{"line":51,"column":16},"end":{"line":51,"column":41}},"6":{"start":{"line":52,"column":25},"end":{"line":52,"column":50}},"7":{"start":{"line":54,"column":28},"end":{"line":59,"column":5}},"8":{"start":{"line":54,"column":52},"end":{"line":59,"column":3}},"9":{"start":{"line":61,"column":32},"end":{"line":63,"column":5}},"10":{"start":{"line":61,"column":56},"end":{"line":63,"column":3}},"11":{"start":{"line":65,"column":23},"end":{"line":69,"column":16}},"12":{"start":{"line":66,"column":34},"end":{"line":66,"column":52}},"13":{"start":{"line":67,"column":16},"end":{"line":67,"column":59}},"14":{"start":{"line":68,"column":4},"end":{"line":68,"column":15}},"15":{"start":{"line":71,"column":19},"end":{"line":71,"column":22}},"16":{"start":{"line":72,"column":17},"end":{"line":72,"column":50}},"17":{"start":{"line":74,"column":2},"end":{"line":88,"column":40}},"18":{"start":{"line":75,"column":4},"end":{"line":87,"column":5}},"19":{"start":{"line":77,"column":6},"end":{"line":86,"column":8}},"20":{"start":{"line":90,"column":2},"end":{"line":248,"column":23}},"21":{"start":{"line":91,"column":4},"end":{"line":246,"column":5}},"22":{"start":{"line":92,"column":6},"end":{"line":245,"column":7}},"23":{"start":{"line":93,"column":8},"end":{"line":102,"column":10}},"24":{"start":{"line":104,"column":8},"end":{"line":137,"column":10}},"25":{"start":{"line":138,"column":13},"end":{"line":245,"column":7}},"26":{"start":{"line":139,"column":8},"end":{"line":147,"column":10}},"27":{"start":{"line":150,"column":8},"end":{"line":176,"column":10}},"28":{"start":{"line":177,"column":13},"end":{"line":245,"column":7}},"29":{"start":{"line":178,"column":8},"end":{"line":186,"column":10}},"30":{"start":{"line":188,"column":8},"end":{"line":214,"column":10}},"31":{"start":{"line":215,"column":13},"end":{"line":245,"column":7}},"32":{"start":{"line":216,"column":8},"end":{"line":223,"column":10}},"33":{"start":{"line":225,"column":8},"end":{"line":244,"column":10}},"34":{"start":{"line":250,"column":2},"end":{"line":252,"column":14}},"35":{"start":{"line":251,"column":4},"end":{"line":251,"column":48}},"36":{"start":{"line":254,"column":2},"end":{"line":258,"column":5}},"37":{"start":{"line":255,"column":4},"end":{"line":257,"column":5}},"38":{"start":{"line":256,"column":6},"end":{"line":256,"column":60}},"39":{"start":{"line":256,"column":26},"end":{"line":256,"column":33}},"40":{"start":{"line":261,"column":4},"end":{"line":261,"column":18}},"41":{"start":{"line":262,"column":4},"end":{"line":262,"column":38}},"42":{"start":{"line":263,"column":4},"end":{"line":263,"column":39}},"43":{"start":{"line":264,"column":4},"end":{"line":264,"column":50}},"44":{"start":{"line":265,"column":4},"end":{"line":265,"column":27}},"45":{"start":{"line":266,"column":4},"end":{"line":266,"column":29}},"46":{"start":{"line":269,"column":2},"end":{"line":276,"column":4}}},"fnMap":{"0":{"name":"useGetAnimation","decl":{"start":{"line":42,"column":24},"end":{"line":42,"column":39}},"loc":{"start":{"line":45,"column":14},"end":{"line":277,"column":1}},"line":45},"1":{"name":"(anonymous_1)","decl":{"start":{"line":54,"column":45},"end":{"line":54,"column":46}},"loc":{"start":{"line":54,"column":52},"end":{"line":59,"column":3}},"line":54},"2":{"name":"(anonymous_2)","decl":{"start":{"line":61,"column":49},"end":{"line":61,"column":50}},"loc":{"start":{"line":61,"column":56},"end":{"line":63,"column":3}},"line":61},"3":{"name":"(anonymous_3)","decl":{"start":{"line":65,"column":39},"end":{"line":65,"column":40}},"loc":{"start":{"line":65,"column":45},"end":{"line":69,"column":3}},"line":65},"4":{"name":"(anonymous_4)","decl":{"start":{"line":74,"column":12},"end":{"line":74,"column":13}},"loc":{"start":{"line":74,"column":18},"end":{"line":88,"column":3}},"line":74},"5":{"name":"(anonymous_5)","decl":{"start":{"line":90,"column":12},"end":{"line":90,"column":13}},"loc":{"start":{"line":90,"column":18},"end":{"line":248,"column":3}},"line":90},"6":{"name":"(anonymous_6)","decl":{"start":{"line":250,"column":12},"end":{"line":250,"column":13}},"loc":{"start":{"line":250,"column":18},"end":{"line":252,"column":3}},"line":250},"7":{"name":"(anonymous_7)","decl":{"start":{"line":254,"column":14},"end":{"line":254,"column":15}},"loc":{"start":{"line":254,"column":20},"end":{"line":258,"column":3}},"line":254},"8":{"name":"(anonymous_8)","decl":{"start":{"line":256,"column":17},"end":{"line":256,"column":18}},"loc":{"start":{"line":256,"column":26},"end":{"line":256,"column":33}},"line":256},"9":{"name":"reset","decl":{"start":{"line":260,"column":11},"end":{"line":260,"column":16}},"loc":{"start":{"line":260,"column":25},"end":{"line":267,"column":3}},"line":260}},"branchMap":{"0":{"loc":{"start":{"line":75,"column":4},"end":{"line":87,"column":5}},"type":"if","locations":[{"start":{"line":75,"column":4},"end":{"line":87,"column":5}},{"start":{},"end":{}}],"line":75},"1":{"loc":{"start":{"line":91,"column":4},"end":{"line":246,"column":5}},"type":"if","locations":[{"start":{"line":91,"column":4},"end":{"line":246,"column":5}},{"start":{},"end":{}}],"line":91},"2":{"loc":{"start":{"line":92,"column":6},"end":{"line":245,"column":7}},"type":"if","locations":[{"start":{"line":92,"column":6},"end":{"line":245,"column":7}},{"start":{"line":138,"column":13},"end":{"line":245,"column":7}}],"line":92},"3":{"loc":{"start":{"line":138,"column":13},"end":{"line":245,"column":7}},"type":"if","locations":[{"start":{"line":138,"column":13},"end":{"line":245,"column":7}},{"start":{"line":177,"column":13},"end":{"line":245,"column":7}}],"line":138},"4":{"loc":{"start":{"line":177,"column":13},"end":{"line":245,"column":7}},"type":"if","locations":[{"start":{"line":177,"column":13},"end":{"line":245,"column":7}},{"start":{"line":215,"column":13},"end":{"line":245,"column":7}}],"line":177},"5":{"loc":{"start":{"line":215,"column":13},"end":{"line":245,"column":7}},"type":"if","locations":[{"start":{"line":215,"column":13},"end":{"line":245,"column":7}},{"start":{},"end":{}}],"line":215},"6":{"loc":{"start":{"line":255,"column":4},"end":{"line":257,"column":5}},"type":"if","locations":[{"start":{"line":255,"column":4},"end":{"line":257,"column":5}},{"start":{},"end":{}}],"line":255}},"s":{"0":0,"1":0,"2":0,"3":0,"4":0,"5":0,"6":0,"7":0,"8":0,"9":0,"10":0,"11":0,"12":0,"13":0,"14":0,"15":0,"16":0,"17":0,"18":0,"19":0,"20":0,"21":0,"22":0,"23":0,"24":0,"25":0,"26":0,"27":0,"28":0,"29":0,"30":0,"31":0,"32":0,"33":0,"34":0,"35":0,"36":0,"37":0,"38":0,"39":0,"40":0,"41":0,"42":0,"43":0,"44":0,"45":0,"46":0},"f":{"0":0,"1":0,"2":0,"3":0,"4":0,"5":0,"6":0,"7":0,"8":0,"9":0},"b":{"0":[0,0],"1":[0,0],"2":[0,0],"3":[0,0],"4":[0,0],"5":[0,0],"6":[0,0]}}
,"/Users/niallbarber/htdocs/react-native/ChillBreathe/src/hooks/useGetHaptics.ts": {"path":"/Users/niallbarber/htdocs/react-native/ChillBreathe/src/hooks/useGetHaptics.ts","statementMap":{"0":{"start":{"line":12,"column":2},"end":{"line":29,"column":27}},"1":{"start":{"line":13,"column":21},"end":{"line":13,"column":40}},"2":{"start":{"line":15,"column":4},"end":{"line":27,"column":5}},"3":{"start":{"line":16,"column":6},"end":{"line":16,"column":28}},"4":{"start":{"line":17,"column":6},"end":{"line":19,"column":13}},"5":{"start":{"line":18,"column":8},"end":{"line":18,"column":30}},"6":{"start":{"line":20,"column":11},"end":{"line":27,"column":5}},"7":{"start":{"line":21,"column":6},"end":{"line":21,"column":29}},"8":{"start":{"line":22,"column":6},"end":{"line":26,"column":7}},"9":{"start":{"line":22,"column":19},"end":{"line":22,"column":20}},"10":{"start":{"line":23,"column":8},"end":{"line":25,"column":14}},"11":{"start":{"line":24,"column":10},"end":{"line":24,"column":33}}},"fnMap":{"0":{"name":"useGetHaptics","decl":{"start":{"line":8,"column":24},"end":{"line":8,"column":37}},"loc":{"start":{"line":11,"column":2},"end":{"line":30,"column":1}},"line":11},"1":{"name":"(anonymous_1)","decl":{"start":{"line":12,"column":12},"end":{"line":12,"column":13}},"loc":{"start":{"line":12,"column":18},"end":{"line":29,"column":3}},"line":12},"2":{"name":"(anonymous_2)","decl":{"start":{"line":17,"column":17},"end":{"line":17,"column":18}},"loc":{"start":{"line":17,"column":23},"end":{"line":19,"column":7}},"line":17},"3":{"name":"(anonymous_3)","decl":{"start":{"line":23,"column":19},"end":{"line":23,"column":20}},"loc":{"start":{"line":23,"column":25},"end":{"line":25,"column":9}},"line":23}},"branchMap":{"0":{"loc":{"start":{"line":15,"column":4},"end":{"line":27,"column":5}},"type":"if","locations":[{"start":{"line":15,"column":4},"end":{"line":27,"column":5}},{"start":{"line":20,"column":11},"end":{"line":27,"column":5}}],"line":15},"1":{"loc":{"start":{"line":20,"column":11},"end":{"line":27,"column":5}},"type":"if","locations":[{"start":{"line":20,"column":11},"end":{"line":27,"column":5}},{"start":{},"end":{}}],"line":20}},"s":{"0":0,"1":0,"2":0,"3":0,"4":0,"5":0,"6":0,"7":0,"8":0,"9":0,"10":0,"11":0},"f":{"0":0,"1":0,"2":0,"3":0},"b":{"0":[0,0],"1":[0,0]}}
,"/Users/niallbarber/htdocs/react-native/ChillBreathe/src/hooks/useInterval.ts": {"path":"/Users/niallbarber/htdocs/react-native/ChillBreathe/src/hooks/useInterval.ts","statementMap":{"0":{"start":{"line":8,"column":22},"end":{"line":8,"column":39}},"1":{"start":{"line":10,"column":2},"end":{"line":12,"column":5}},"2":{"start":{"line":11,"column":4},"end":{"line":11,"column":35}},"3":{"start":{"line":14,"column":2},"end":{"line":19,"column":26}},"4":{"start":{"line":15,"column":17},"end":{"line":15,"column":45}},"5":{"start":{"line":15,"column":23},"end":{"line":15,"column":45}},"6":{"start":{"line":17,"column":15},"end":{"line":17,"column":42}},"7":{"start":{"line":18,"column":4},"end":{"line":18,"column":35}},"8":{"start":{"line":18,"column":17},"end":{"line":18,"column":34}}},"fnMap":{"0":{"name":"useInterval","decl":{"start":{"line":3,"column":24},"end":{"line":3,"column":35}},"loc":{"start":{"line":7,"column":2},"end":{"line":20,"column":1}},"line":7},"1":{"name":"(anonymous_1)","decl":{"start":{"line":10,"column":12},"end":{"line":10,"column":13}},"loc":{"start":{"line":10,"column":18},"end":{"line":12,"column":3}},"line":10},"2":{"name":"(anonymous_2)","decl":{"start":{"line":14,"column":12},"end":{"line":14,"column":13}},"loc":{"start":{"line":14,"column":18},"end":{"line":19,"column":3}},"line":14},"3":{"name":"(anonymous_3)","decl":{"start":{"line":15,"column":17},"end":{"line":15,"column":18}},"loc":{"start":{"line":15,"column":23},"end":{"line":15,"column":45}},"line":15},"4":{"name":"(anonymous_4)","decl":{"start":{"line":18,"column":11},"end":{"line":18,"column":12}},"loc":{"start":{"line":18,"column":17},"end":{"line":18,"column":34}},"line":18}},"branchMap":{"0":{"loc":{"start":{"line":5,"column":2},"end":{"line":5,"column":25}},"type":"default-arg","locations":[{"start":{"line":5,"column":21},"end":{"line":5,"column":25}}],"line":5}},"s":{"0":0,"1":0,"2":0,"3":0,"4":0,"5":0,"6":0,"7":0,"8":0},"f":{"0":0,"1":0,"2":0,"3":0,"4":0},"b":{"0":[0]}}
,"/Users/niallbarber/htdocs/react-native/ChillBreathe/src/hooks/useTimeout.ts": {"path":"/Users/niallbarber/htdocs/react-native/ChillBreathe/src/hooks/useTimeout.ts","statementMap":{"0":{"start":{"line":8,"column":21},"end":{"line":8,"column":38}},"1":{"start":{"line":9,"column":24},"end":{"line":9,"column":45}},"2":{"start":{"line":11,"column":2},"end":{"line":13,"column":17}},"3":{"start":{"line":12,"column":4},"end":{"line":12,"column":37}},"4":{"start":{"line":15,"column":2},"end":{"line":22,"column":20}},"5":{"start":{"line":16,"column":17},"end":{"line":16,"column":46}},"6":{"start":{"line":16,"column":23},"end":{"line":16,"column":46}},"7":{"start":{"line":18,"column":4},"end":{"line":21,"column":5}},"8":{"start":{"line":19,"column":6},"end":{"line":19,"column":58}},"9":{"start":{"line":20,"column":6},"end":{"line":20,"column":59}},"10":{"start":{"line":20,"column":19},"end":{"line":20,"column":58}},"11":{"start":{"line":24,"column":2},"end":{"line":24,"column":20}}},"fnMap":{"0":{"name":"useTimeout","decl":{"start":{"line":3,"column":24},"end":{"line":3,"column":34}},"loc":{"start":{"line":7,"column":2},"end":{"line":25,"column":1}},"line":7},"1":{"name":"(anonymous_1)","decl":{"start":{"line":11,"column":12},"end":{"line":11,"column":13}},"loc":{"start":{"line":11,"column":18},"end":{"line":13,"column":3}},"line":11},"2":{"name":"(anonymous_2)","decl":{"start":{"line":15,"column":12},"end":{"line":15,"column":13}},"loc":{"start":{"line":15,"column":18},"end":{"line":22,"column":3}},"line":15},"3":{"name":"(anonymous_3)","decl":{"start":{"line":16,"column":17},"end":{"line":16,"column":18}},"loc":{"start":{"line":16,"column":23},"end":{"line":16,"column":46}},"line":16},"4":{"name":"(anonymous_4)","decl":{"start":{"line":20,"column":13},"end":{"line":20,"column":14}},"loc":{"start":{"line":20,"column":19},"end":{"line":20,"column":58}},"line":20}},"branchMap":{"0":{"loc":{"start":{"line":18,"column":4},"end":{"line":21,"column":5}},"type":"if","locations":[{"start":{"line":18,"column":4},"end":{"line":21,"column":5}},{"start":{},"end":{}}],"line":18}},"s":{"0":0,"1":0,"2":0,"3":0,"4":0,"5":0,"6":0,"7":0,"8":0,"9":0,"10":0,"11":0},"f":{"0":0,"1":0,"2":0,"3":0,"4":0},"b":{"0":[0,0]}}
,"/Users/niallbarber/htdocs/react-native/ChillBreathe/src/screens/Onboarding.tsx": {"path":"/Users/niallbarber/htdocs/react-native/ChillBreathe/src/screens/Onboarding.tsx","statementMap":{"0":{"start":{"line":42,"column":19},"end":{"line":42,"column":29}},"1":{"start":{"line":44,"column":17},"end":{"line":90,"column":4}},"2":{"start":{"line":92,"column":19},"end":{"line":92,"column":32}},"3":{"start":{"line":93,"column":21},"end":{"line":93,"column":58}},"4":{"start":{"line":95,"column":16},"end":{"line":95,"column":45}},"5":{"start":{"line":96,"column":18},"end":{"line":96,"column":50}},"6":{"start":{"line":97,"column":21},"end":{"line":97,"column":50}},"7":{"start":{"line":99,"column":16},"end":{"line":99,"column":33}},"8":{"start":{"line":100,"column":18},"end":{"line":100,"column":35}},"9":{"start":{"line":101,"column":16},"end":{"line":101,"column":33}},"10":{"start":{"line":103,"column":22},"end":{"line":105,"column":5}},"11":{"start":{"line":103,"column":46},"end":{"line":105,"column":3}},"12":{"start":{"line":107,"column":24},"end":{"line":109,"column":5}},"13":{"start":{"line":107,"column":48},"end":{"line":109,"column":3}},"14":{"start":{"line":111,"column":22},"end":{"line":113,"column":5}},"15":{"start":{"line":111,"column":46},"end":{"line":113,"column":3}},"16":{"start":{"line":115,"column":2},"end":{"line":120,"column":30}},"17":{"start":{"line":116,"column":21},"end":{"line":116,"column":25}},"18":{"start":{"line":117,"column":4},"end":{"line":117,"column":44}},"19":{"start":{"line":118,"column":4},"end":{"line":118,"column":63}},"20":{"start":{"line":119,"column":4},"end":{"line":119,"column":61}},"21":{"start":{"line":122,"column":2},"end":{"line":126,"column":24}},"22":{"start":{"line":123,"column":4},"end":{"line":125,"column":5}},"23":{"start":{"line":124,"column":6},"end":{"line":124,"column":39}},"24":{"start":{"line":128,"column":2},"end":{"line":176,"column":4}},"25":{"start":{"line":139,"column":34},"end":{"line":139,"column":63}},"26":{"start":{"line":146,"column":14},"end":{"line":146,"column":42}},"27":{"start":{"line":147,"column":14},"end":{"line":147,"column":48}},"28":{"start":{"line":159,"column":12},"end":{"line":159,"column":33}},"29":{"start":{"line":160,"column":12},"end":{"line":160,"column":29}},"30":{"start":{"line":162,"column":27},"end":{"line":162,"column":56}}},"fnMap":{"0":{"name":"OnboardingScreen","decl":{"start":{"line":41,"column":24},"end":{"line":41,"column":40}},"loc":{"start":{"line":41,"column":43},"end":{"line":177,"column":1}},"line":41},"1":{"name":"(anonymous_1)","decl":{"start":{"line":103,"column":39},"end":{"line":103,"column":40}},"loc":{"start":{"line":103,"column":46},"end":{"line":105,"column":3}},"line":103},"2":{"name":"(anonymous_2)","decl":{"start":{"line":107,"column":41},"end":{"line":107,"column":42}},"loc":{"start":{"line":107,"column":48},"end":{"line":109,"column":3}},"line":107},"3":{"name":"(anonymous_3)","decl":{"start":{"line":111,"column":39},"end":{"line":111,"column":40}},"loc":{"start":{"line":111,"column":46},"end":{"line":113,"column":3}},"line":111},"4":{"name":"(anonymous_4)","decl":{"start":{"line":115,"column":12},"end":{"line":115,"column":13}},"loc":{"start":{"line":115,"column":18},"end":{"line":120,"column":3}},"line":115},"5":{"name":"(anonymous_5)","decl":{"start":{"line":122,"column":12},"end":{"line":122,"column":13}},"loc":{"start":{"line":122,"column":18},"end":{"line":126,"column":3}},"line":122},"6":{"name":"(anonymous_6)","decl":{"start":{"line":139,"column":24},"end":{"line":139,"column":25}},"loc":{"start":{"line":139,"column":34},"end":{"line":139,"column":63}},"line":139},"7":{"name":"(anonymous_7)","decl":{"start":{"line":145,"column":21},"end":{"line":145,"column":22}},"loc":{"start":{"line":145,"column":27},"end":{"line":148,"column":13}},"line":145},"8":{"name":"(anonymous_8)","decl":{"start":{"line":158,"column":19},"end":{"line":158,"column":20}},"loc":{"start":{"line":158,"column":25},"end":{"line":161,"column":11}},"line":158},"9":{"name":"(anonymous_9)","decl":{"start":{"line":162,"column":21},"end":{"line":162,"column":22}},"loc":{"start":{"line":162,"column":27},"end":{"line":162,"column":56}},"line":162}},"branchMap":{"0":{"loc":{"start":{"line":123,"column":4},"end":{"line":125,"column":5}},"type":"if","locations":[{"start":{"line":123,"column":4},"end":{"line":125,"column":5}},{"start":{},"end":{}}],"line":123},"1":{"loc":{"start":{"line":142,"column":9},"end":{"line":152,"column":16}},"type":"cond-expr","locations":[{"start":{"line":143,"column":10},"end":{"line":151,"column":16}},{"start":{"line":152,"column":12},"end":{"line":152,"column":16}}],"line":142},"2":{"loc":{"start":{"line":156,"column":29},"end":{"line":156,"column":73}},"type":"cond-expr","locations":[{"start":{"line":156,"column":39},"end":{"line":156,"column":50}},{"start":{"line":156,"column":53},"end":{"line":156,"column":73}}],"line":156},"3":{"loc":{"start":{"line":167,"column":13},"end":{"line":171,"column":13}},"type":"cond-expr","locations":[{"start":{"line":168,"column":14},"end":{"line":168,"column":25}},{"start":{"line":170,"column":14},"end":{"line":170,"column":56}}],"line":167}},"s":{"0":0,"1":0,"2":0,"3":0,"4":0,"5":0,"6":0,"7":0,"8":0,"9":0,"10":0,"11":0,"12":0,"13":0,"14":0,"15":0,"16":0,"17":0,"18":0,"19":0,"20":0,"21":0,"22":0,"23":0,"24":0,"25":0,"26":0,"27":0,"28":0,"29":0,"30":0},"f":{"0":0,"1":0,"2":0,"3":0,"4":0,"5":0,"6":0,"7":0,"8":0,"9":0},"b":{"0":[0,0],"1":[0,0],"2":[0,0],"3":[0,0]}}
[...]
6,"column":4},"end":{"line":34,"column":5}},{"start":{"line":28,"column":11},"end":{"line":34,"column":5}}],"line":26},"2":{"loc":{"start":{"line":28,"column":11},"end":{"line":34,"column":5}},"type":"if","locations":[{"start":{"line":28,"column":11},"end":{"line":34,"column":5}},{"start":{"line":30,"column":11},"end":{"line":34,"column":5}}],"line":28},"3":{"loc":{"start":{"line":28,"column":15},"end":{"line":28,"column":63}},"type":"binary-expr","locations":[{"start":{"line":28,"column":15},"end":{"line":28,"column":37}},{"start":{"line":28,"column":41},"end":{"line":28,"column":63}}],"line":28},"4":{"loc":{"start":{"line":30,"column":11},"end":{"line":34,"column":5}},"type":"if","locations":[{"start":{"line":30,"column":11},"end":{"line":34,"column":5}},{"start":{"line":32,"column":11},"end":{"line":34,"column":5}}],"line":30},"5":{"loc":{"start":{"line":30,"column":15},"end":{"line":30,"column":63}},"type":"binary-expr","locations":[{"start":{"line":30,"column":15},"end":{"line":30,"column":37}},{"start":{"line":30,"column":41},"end":{"line":30,"column":63}}],"line":30},"6":{"loc":{"start":{"line":32,"column":11},"end":{"line":34,"column":5}},"type":"if","locations":[{"start":{"line":32,"column":11},"end":{"line":34,"column":5}},{"start":{},"end":{}}],"line":32},"7":{"loc":{"start":{"line":32,"column":15},"end":{"line":32,"column":63}},"type":"binary-expr","locations":[{"start":{"line":32,"column":15},"end":{"line":32,"column":37}},{"start":{"line":32,"column":41},"end":{"line":32,"column":63}}],"line":32},"8":{"loc":{"start":{"line":35,"column":9},"end":{"line":57,"column":3}},"type":"if","locations":[{"start":{"line":35,"column":9},"end":{"line":57,"column":3}},{"start":{"line":43,"column":9},"end":{"line":57,"column":3}}],"line":35},"9":{"loc":{"start":{"line":36,"column":4},"end":{"line":42,"column":5}},"type":"if","locations":[{"start":{"line":36,"column":4},"end":{"line":42,"column":5}},{"start":{"line":38,"column":11},"end":{"line":42,"column":5}}],"line":36},"10":{"loc":{"start":{"line":38,"column":11},"end":{"line":42,"column":5}},"type":"if","locations":[{"start":{"line":38,"column":11},"end":{"line":42,"column":5}},{"start":{"line":40,"column":11},"end":{"line":42,"column":5}}],"line":38},"11":{"loc":{"start":{"line":38,"column":15},"end":{"line":38,"column":63}},"type":"binary-expr","locations":[{"start":{"line":38,"column":15},"end":{"line":38,"column":37}},{"start":{"line":38,"column":41},"end":{"line":38,"column":63}}],"line":38},"12":{"loc":{"start":{"line":40,"column":11},"end":{"line":42,"column":5}},"type":"if","locations":[{"start":{"line":40,"column":11},"end":{"line":42,"column":5}},{"start":{},"end":{}}],"line":40},"13":{"loc":{"start":{"line":40,"column":15},"end":{"line":40,"column":63}},"type":"binary-expr","locations":[{"start":{"line":40,"column":15},"end":{"line":40,"column":37}},{"start":{"line":40,"column":41},"end":{"line":40,"column":63}}],"line":40},"14":{"loc":{"start":{"line":43,"column":9},"end":{"line":57,"column":3}},"type":"if","locations":[{"start":{"line":43,"column":9},"end":{"line":57,"column":3}},{"start":{"line":51,"column":9},"end":{"line":57,"column":3}}],"line":43},"15":{"loc":{"start":{"line":44,"column":4},"end":{"line":50,"column":5}},"type":"if","locations":[{"start":{"line":44,"column":4},"end":{"line":50,"column":5}},{"start":{"line":46,"column":11},"end":{"line":50,"column":5}}],"line":44},"16":{"loc":{"start":{"line":46,"column":11},"end":{"line":50,"column":5}},"type":"if","locations":[{"start":{"line":46,"column":11},"end":{"line":50,"column":5}},{"start":{"line":48,"column":11},"end":{"line":50,"column":5}}],"line":46},"17":{"loc":{"start":{"line":46,"column":15},"end":{"line":46,"column":63}},"type":"binary-expr","locations":[{"start":{"line":46,"column":15},"end":{"line":46,"column":37}},{"start":{"line":46,"column":41},"end":{"line":46,"column":63}}],"line":46},"18":{"loc":{"start":{"line":48,"column":11},"end":{"line":50,"column":5}},"type":"if","locations":[{"start":{"line":48,"column":11},"end":{"line":50,"column":5}},{"start":{},"end":{}}],"line":48},"19":{"loc":{"start":{"line":48,"column":15},"end":{"line":48,"column":63}},"type":"binary-expr","locations":[{"start":{"line":48,"column":15},"end":{"line":48,"column":37}},{"start":{"line":48,"column":41},"end":{"line":48,"column":63}}],"line":48},"20":{"loc":{"start":{"line":51,"column":9},"end":{"line":57,"column":3}},"type":"if","locations":[{"start":{"line":51,"column":9},"end":{"line":57,"column":3}},{"start":{},"end":{}}],"line":51},"21":{"loc":{"start":{"line":52,"column":4},"end":{"line":56,"column":5}},"type":"if","locations":[{"start":{"line":52,"column":4},"end":{"line":56,"column":5}},{"start":{"line":54,"column":11},"end":{"line":56,"column":5}}],"line":52},"22":{"loc":{"start":{"line":54,"column":11},"end":{"line":56,"column":5}},"type":"if","locations":[{"start":{"line":54,"column":11},"end":{"line":56,"column":5}},{"start":{},"end":{}}],"line":54},"23":{"loc":{"start":{"line":54,"column":15},"end":{"line":54,"column":63}},"type":"binary-expr","locations":[{"start":{"line":54,"column":15},"end":{"line":54,"column":37}},{"start":{"line":54,"column":41},"end":{"line":54,"column":63}}],"line":54}},"s":{"0":0,"1":0,"2":0,"3":0,"4":0,"5":0,"6":0,"7":0,"8":0,"9":0,"10":0,"11":0,"12":0,"13":0,"14":0,"15":0,"16":0,"17":0,"18":0,"19":0,"20":0,"21":0,"22":0,"23":0,"24":0,"25":0,"26":0,"27":0,"28":0,"29":0,"30":0,"31":0,"32":0,"33":0,"34":0,"35":0},"f":{"0":0,"1":0},"b":{"0":[0,0],"1":[0,0],"2":[0,0],"3":[0,0],"4":[0,0],"5":[0,0],"6":[0,0],"7":[0,0],"8":[0,0],"9":[0,0],"10":[0,0],"11":[0,0],"12":[0,0],"13":[0,0],"14":[0,0],"15":[0,0],"16":[0,0],"17":[0,0],"18":[0,0],"19":[0,0],"20":[0,0],"21":[0,0],"22":[0,0],"23":[0,0]}}
,"/Users/niallbarber/htdocs/react-native/ChillBreathe/src/utils/capitalise.ts": {"path":"/Users/niallbarber/htdocs/react-native/ChillBreathe/src/utils/capitalise.ts","statementMap":{"0":{"start":{"line":1,"column":26},"end":{"line":6,"column":1}},"1":{"start":{"line":2,"column":2},"end":{"line":4,"column":3}},"2":{"start":{"line":3,"column":4},"end":{"line":3,"column":14}},"3":{"start":{"line":5,"column":2},"end":{"line":5,"column":52}}},"fnMap":{"0":{"name":"(anonymous_0)","decl":{"start":{"line":1,"column":26},"end":{"line":1,"column":27}},"loc":{"start":{"line":1,"column":58},"end":{"line":6,"column":1}},"line":1}},"branchMap":{"0":{"loc":{"start":{"line":2,"column":2},"end":{"line":4,"column":3}},"type":"if","locations":[{"start":{"line":2,"column":2},"end":{"line":4,"column":3}},{"start":{},"end":{}}],"line":2}},"s":{"0":1,"1":3,"2":1,"3":2},"f":{"0":3},"b":{"0":[1,2]},"_coverageSchema":"1a1c01bbd47fc00a2c39e90264f33305004495a9","hash":"0e2484b282fd5c7d96a15080ef20cf7eb96c6b19"}
,"/Users/niallbarber/htdocs/react-native/ChillBreathe/src/utils/firstLaunch.ts": {"path":"/Users/niallbarber/htdocs/react-native/ChillBreathe/src/utils/firstLaunch.ts","statementMap":{"0":{"start":{"line":3,"column":28},"end":{"line":3,"column":43}},"1":{"start":{"line":6,"column":2},"end":{"line":6,"column":45}},"2":{"start":{"line":10,"column":2},"end":{"line":19,"column":3}},"3":{"start":{"line":11,"column":24},"end":{"line":11,"column":64}},"4":{"start":{"line":12,"column":4},"end":{"line":15,"column":5}},"5":{"start":{"line":13,"column":6},"end":{"line":13,"column":23}},"6":{"start":{"line":14,"column":6},"end":{"line":14,"column":18}},"7":{"start":{"line":16,"column":4},"end":{"line":16,"column":17}},"8":{"start":{"line":18,"column":4},"end":{"line":18,"column":17}}},"fnMap":{"0":{"name":"setAppLaunched","decl":{"start":{"line":5,"column":9},"end":{"line":5,"column":23}},"loc":{"start":{"line":5,"column":32},"end":{"line":7,"column":1}},"line":5},"1":{"name":"checkIfFirstLaunch","decl":{"start":{"line":9,"column":30},"end":{"line":9,"column":48}},"loc":{"start":{"line":9,"column":69},"end":{"line":20,"column":1}},"line":9}},"branchMap":{"0":{"loc":{"start":{"line":12,"column":4},"end":{"line":15,"column":5}},"type":"if","locations":[{"start":{"line":12,"column":4},"end":{"line":15,"column":5}},{"start":{},"end":{}}],"line":12}},"s":{"0":0,"1":0,"2":0,"3":0,"4":0,"5":0,"6":0,"7":0,"8":0},"f":{"0":0,"1":0},"b":{"0":[0,0]}}
,"/Users/niallbarber/htdocs/react-native/ChillBreathe/src/utils/getDate.ts": {"path":"/Users/niallbarber/htdocs/react-native/ChillBreathe/src/utils/getDate.ts","statementMap":{"0":{"start":{"line":3,"column":16},"end":{"line":3,"column":26}},"1":{"start":{"line":4,"column":16},"end":{"line":4,"column":32}},"2":{"start":{"line":6,"column":2},"end":{"line":12,"column":3}},"3":{"start":{"line":7,"column":4},"end":{"line":7,"column":29}},"4":{"start":{"line":8,"column":9},"end":{"line":12,"column":3}},"5":{"start":{"line":9,"column":4},"end":{"line":9,"column":31}},"6":{"start":{"line":11,"column":4},"end":{"line":11,"column":29}},"7":{"start":{"line":14,"column":2},"end":{"line":14,"column":17}}},"fnMap":{"0":{"name":"timeOfDayGreeting","decl":{"start":{"line":1,"column":16},"end":{"line":1,"column":33}},"loc":{"start":{"line":1,"column":44},"end":{"line":15,"column":1}},"line":1}},"branchMap":{"0":{"loc":{"start":{"line":6,"column":2},"end":{"line":12,"column":3}},"type":"if","locations":[{"start":{"line":6,"column":2},"end":{"line":12,"column":3}},{"start":{"line":8,"column":9},"end":{"line":12,"column":3}}],"line":6},"1":{"loc":{"start":{"line":8,"column":9},"end":{"line":12,"column":3}},"type":"if","locations":[{"start":{"line":8,"column":9},"end":{"line":12,"column":3}},{"start":{"line":10,"column":9},"end":{"line":12,"column":3}}],"line":8}},"s":{"0":1,"1":1,"2":1,"3":0,"4":1,"5":1,"6":0,"7":1},"f":{"0":1},"b":{"0":[0,1],"1":[1,0]},"_coverageSchema":"1a1c01bbd47fc00a2c39e90264f33305004495a9","hash":"7c88c10cb7725d1e0267fe12f59ee19395634d76"}
,"/Users/niallbarber/htdocs/react-native/ChillBreathe/src/utils/haptics.ts": {"path":"/Users/niallbarber/htdocs/react-native/ChillBreathe/src/utils/haptics.ts","statementMap":{"0":{"start":{"line":18,"column":44},"end":{"line":27,"column":1}},"1":{"start":{"line":29,"column":31},"end":{"line":33,"column":1}},"2":{"start":{"line":30,"column":2},"end":{"line":32,"column":4}},"3":{"start":{"line":31,"column":20},"end":{"line":31,"column":61}},"4":{"start":{"line":35,"column":23},"end":{"line":37,"column":1}}},"fnMap":{"0":{"name":"(anonymous_0)","decl":{"start":{"line":29,"column":31},"end":{"line":29,"column":32}},"loc":{"start":{"line":29,"column":48},"end":{"line":33,"column":1}},"line":29},"1":{"name":"(anonymous_1)","decl":{"start":{"line":31,"column":14},"end":{"line":31,"column":15}},"loc":{"start":{"line":31,"column":20},"end":{"line":31,"column":61}},"line":31}},"branchMap":{},"s":{"0":0,"1":0,"2":0,"3":0,"4":0},"f":{"0":0,"1":0},"b":{}}
,"/Users/niallbarber/htdocs/react-native/ChillBreathe/src/utils/navigation.ts": {"path":"/Users/niallbarber/htdocs/react-native/ChillBreathe/src/utils/navigation.ts","statementMap":{"0":{"start":{"line":1,"column":24},"end":{"line":3,"column":1}},"1":{"start":{"line":1,"column":71},"end":{"line":3,"column":1}},"2":{"start":{"line":2,"column":2},"end":{"line":2,"column":35}},"3":{"start":{"line":5,"column":22},"end":{"line":5,"column":68}},"4":{"start":{"line":5,"column":43},"end":{"line":5,"column":68}},"5":{"start":{"line":5,"column":49},"end":{"line":5,"column":68}},"6":{"start":{"line":7,"column":22},"end":{"line":7,"column":72}},"7":{"start":{"line":7,"column":43},"end":{"line":7,"column":72}},"8":{"start":{"line":7,"column":49},"end":{"line":7,"column":72}}},"fnMap":{"0":{"name":"(anonymous_0)","decl":{"start":{"line":1,"column":24},"end":{"line":1,"column":25}},"loc":{"start":{"line":1,"column":71},"end":{"line":3,"column":1}},"line":1},"1":{"name":"(anonymous_1)","decl":{"start":{"line":1,"column":71},"end":{"line":1,"column":72}},"loc":{"start":{"line":1,"column":77},"end":{"line":3,"column":1}},"line":1},"2":{"name":"(anonymous_2)","decl":{"start":{"line":5,"column":22},"end":{"line":5,"column":23}},"loc":{"start":{"line":5,"column":43},"end":{"line":5,"column":68}},"line":5},"3":{"name":"(anonymous_3)","decl":{"start":{"line":5,"column":43},"end":{"line":5,"column":44}},"loc":{"start":{"line":5,"column":49},"end":{"line":5,"column":68}},"line":5},"4":{"name":"(anonymous_4)","decl":{"start":{"line":7,"column":22},"end":{"line":7,"column":23}},"loc":{"start":{"line":7,"column":43},"end":{"line":7,"column":72}},"line":7},"5":{"name":"(anonymous_5)","decl":{"start":{"line":7,"column":43},"end":{"line":7,"column":44}},"loc":{"start":{"line":7,"column":49},"end":{"line":7,"column":72}},"line":7}},"branchMap":{},"s":{"0":0,"1":0,"2":0,"3":0,"4":0,"5":0,"6":0,"7":0,"8":0},"f":{"0":0,"1":0,"2":0,"3":0,"4":0,"5":0},"b":{}}
,"/Users/niallbarber/htdocs/react-native/ChillBreathe/src/utils/reduceArrayToObject.ts": {"path":"/Users/niallbarber/htdocs/react-native/ChillBreathe/src/utils/reduceArrayToObject.ts","statementMap":{"0":{"start":{"line":4,"column":2},"end":{"line":4,"column":35}},"1":{"start":{"line":8,"column":2},"end":{"line":10,"column":12}}},"fnMap":{"0":{"name":"reduceArrayToObject","decl":{"start":{"line":3,"column":9},"end":{"line":3,"column":28}},"loc":{"start":{"line":3,"column":65},"end":{"line":5,"column":1}},"line":3},"1":{"name":"(anonymous_1)","decl":{"start":{"line":7,"column":15},"end":{"line":7,"column":16}},"loc":{"start":{"line":7,"column":31},"end":{"line":11,"column":1}},"line":7}},"branchMap":{"0":{"loc":{"start":{"line":8,"column":9},"end":{"line":10,"column":11}},"type":"cond-expr","locations":[{"start":{"line":9,"column":6},"end":{"line":9,"column":52}},{"start":{"line":10,"column":6},"end":{"line":10,"column":11}}],"line":8}},"s":{"0":0,"1":0},"f":{"0":0,"1":0},"b":{"0":[0,0]}}
,"/Users/niallbarber/htdocs/react-native/ChillBreathe/src/utils/setDarkMode.ts": {"path":"/Users/niallbarber/htdocs/react-native/ChillBreathe/src/utils/setDarkMode.ts","statementMap":{"0":{"start":{"line":3,"column":29},"end":{"line":3,"column":41}}},"fnMap":{},"branchMap":{},"s":{"0":0},"f":{},"b":{}}
,"/Users/niallbarber/htdocs/react-native/ChillBreathe/src/utils/storedData.ts": {"path":"/Users/niallbarber/htdocs/react-native/ChillBreathe/src/utils/storedData.ts","statementMap":{"0":{"start":{"line":4,"column":2},"end":{"line":8,"column":3}},"1":{"start":{"line":5,"column":4},"end":{"line":5,"column":53}},"2":{"start":{"line":7,"column":4},"end":{"line":7,"column":21}},"3":{"start":{"line":14,"column":2},"end":{"line":25,"column":3}},"4":{"start":{"line":16,"column":18},"end":{"line":16,"column":59}},"5":{"start":{"line":17,"column":4},"end":{"line":21,"column":5}},"6":{"start":{"line":18,"column":6},"end":{"line":18,"column":19}},"7":{"start":{"line":20,"column":6},"end":{"line":20,"column":16}},"8":{"start":{"line":22,"column":4},"end":{"line":22,"column":18}},"9":{"start":{"line":24,"column":4},"end":{"line":24,"column":14}}},"fnMap":{"0":{"name":"setStoredData","decl":{"start":{"line":3,"column":22},"end":{"line":3,"column":35}},"loc":{"start":{"line":3,"column":66},"end":{"line":9,"column":1}},"line":3},"1":{"name":"getStoredData","decl":{"start":{"line":11,"column":22},"end":{"line":11,"column":35}},"loc":{"start":{"line":13,"column":3},"end":{"line":26,"column":1}},"line":13}},"branchMap":{"0":{"loc":{"start":{"line":17,"column":4},"end":{"line":21,"column":5}},"type":"if","locations":[{"start":{"line":17,"column":4},"end":{"line":21,"column":5}},{"start":{"line":19,"column":11},"end":{"line":21,"column":5}}],"line":17}},"s":{"0":0,"1":0,"2":0,"3":0,"4":0,"5":0,"6":0,"7":0,"8":0,"9":0},"f":{"0":0,"1":0},"b":{"0":[0,0]}}
,"/Users/niallbarber/htdocs/react-native/ChillBreathe/src/utils/time.ts": {"path":"/Users/niallbarber/htdocs/react-native/ChillBreathe/src/utils/time.ts","statementMap":{"0":{"start":{"line":4,"column":25},"end":{"line":4,"column":50}},"1":{"start":{"line":4,"column":40},"end":{"line":4,"column":50}},"2":{"start":{"line":6,"column":25},"end":{"line":6,"column":56}},"3":{"start":{"line":6,"column":40},"end":{"line":6,"column":56}},"4":{"start":{"line":8,"column":24},"end":{"line":8,"column":56}},"5":{"start":{"line":8,"column":39},"end":{"line":8,"column":56}},"6":{"start":{"line":13,"column":2},"end":{"line":15,"column":3}},"7":{"start":{"line":14,"column":4},"end":{"line":14,"column":14}},"8":{"start":{"line":17,"column":2},"end":{"line":19,"column":3}},"9":{"start":{"line":18,"column":4},"end":{"line":18,"column":30}},"10":{"start":{"line":21,"column":2},"end":{"line":25,"column":3}},"11":{"start":{"line":22,"column":4},"end":{"line":22,"column":63}},"12":{"start":{"line":24,"column":4},"end":{"line":24,"column":67}},"13":{"start":{"line":26,"column":2},"end":{"line":26,"column":16}}},"fnMap":{"0":{"name":"(anonymous_0)","decl":{"start":{"line":4,"column":25},"end":{"line":4,"column":26}},"loc":{"start":{"line":4,"column":40},"end":{"line":4,"column":50}},"line":4},"1":{"name":"(anonymous_1)","decl":{"start":{"line":6,"column":25},"end":{"line":6,"column":26}},"loc":{"start":{"line":6,"column":40},"end":{"line":6,"column":56}},"line":6},"2":{"name":"(anonymous_2)","decl":{"start":{"line":8,"column":24},"end":{"line":8,"column":25}},"loc":{"start":{"line":8,"column":39},"end":{"line":8,"column":56}},"line":8},"3":{"name":"getTime","decl":{"start":{"line":10,"column":16},"end":{"line":10,"column":23}},"loc":{"start":{"line":10,"column":40},"end":{"line":27,"column":1}},"line":10}},"branchMap":{"0":{"loc":{"start":{"line":13,"column":2},"end":{"line":15,"column":3}},"type":"if","locations":[{"start":{"line":13,"column":2},"end":{"line":15,"column":3}},{"start":{},"end":{}}],"line":13},"1":{"loc":{"start":{"line":17,"column":2},"end":{"line":19,"column":3}},"type":"if","locations":[{"start":{"line":17,"column":2},"end":{"line":19,"column":3}},{"start":{},"end":{}}],"line":17},"2":{"loc":{"start":{"line":21,"column":2},"end":{"line":25,"column":3}},"type":"if","locations":[{"start":{"line":21,"column":2},"end":{"line":25,"column":3}},{"start":{"line":23,"column":9},"end":{"line":25,"column":3}}],"line":21}},"s":{"0":1,"1":0,"2":1,"3":0,"4":1,"5":0,"6":3,"7":1,"8":2,"9":1,"10":2,"11":0,"12":2,"13":2},"f":{"0":0,"1":0,"2":0,"3":3},"b":{"0":[1,2],"1":[1,1],"2":[0,2]},"_coverageSchema":"1a1c01bbd47fc00a2c39e90264f33305004495a9","hash":"97cf1dd312eb47d43394fa959a86405fe7e09b7e"}
,"/Users/niallbarber/htdocs/react-native/ChillBreathe/src/utils/toggleVisibility.ts": {"path":"/Users/niallbarber/htdocs/react-native/ChillBreathe/src/utils/toggleVisibility.ts","statementMap":{"0":{"start":{"line":8,"column":2},"end":{"line":18,"column":3}},"1":{"start":{"line":9,"column":4},"end":{"line":9,"column":38}},"2":{"start":{"line":10,"column":4},"end":{"line":12,"column":16}},"3":{"start":{"line":11,"column":6},"end":{"line":11,"column":40}},"4":{"start":{"line":14,"column":4},"end":{"line":14,"column":38}},"5":{"start":{"line":15,"column":4},"end":{"line":17,"column":16}},"6":{"start":{"line":16,"column":6},"end":{"line":16,"column":40}}},"fnMap":{"0":{"name":"toggleVisibility","decl":{"start":{"line":3,"column":16},"end":{"line":3,"column":32}},"loc":{"start":{"line":7,"column":8},"end":{"line":19,"column":1}},"line":7},"1":{"name":"(anonymous_1)","decl":{"start":{"line":10,"column":15},"end":{"line":10,"column":16}},"loc":{"start":{"line":10,"column":21},"end":{"line":12,"column":5}},"line":10},"2":{"name":"(anonymous_2)","decl":{"start":{"line":15,"column":15},"end":{"line":15,"column":16}},"loc":{"start":{"line":15,"column":21},"end":{"line":17,"column":5}},"line":15}},"branchMap":{"0":{"loc":{"start":{"line":5,"column":2},"end":{"line":5,"column":22}},"type":"default-arg","locations":[{"start":{"line":5,"column":18},"end":{"line":5,"column":22}}],"line":5},"1":{"loc":{"start":{"line":8,"column":2},"end":{"line":18,"column":3}},"type":"if","locations":[{"start":{"line":8,"column":2},"end":{"line":18,"column":3}},{"start":{"line":13,"column":9},"end":{"line":18,"column":3}}],"line":8}},"s":{"0":0,"1":0,"2":0,"3":0,"4":0,"5":0,"6":0},"f":{"0":0,"1":0,"2":0},"b":{"0":[0],"1":[0,0]}}
}
