TN:
SF:src/API.ts
FNF:0
FNH:0
LF:0
LH:0
BRF:0
BRH:0
end_of_record
TN:
SF:src/components/Badges/Badge/Badge.tsx
FN:13,Badges
FN:16,(anonymous_1)
FN:21,(anonymous_2)
FNF:3
FNH:2
FNDA:1,Badges
FNDA:3,(anonymous_1)
FNDA:0,(anonymous_2)
DA:14,1
DA:17,3
DA:21,0
LF:3
LH:2
BRDA:21,0,0,0
BRDA:21,0,1,0
BRF:2
BRH:0
end_of_record
TN:
SF:src/components/Badges/Badge/index.tsx
FNF:0
FNH:0
LF:0
LH:0
BRF:0
BRH:0
end_of_record
TN:
SF:src/components/Badges/BadgeInner/BadgeInner.tsx
FN:26,BadgeInner
FN:51,(anonymous_1)
FN:55,handleFilter
FN:56,(anonymous_3)
FN:64,(anonymous_4)
FN:68,(anonymous_5)
FN:69,(anonymous_6)
FNF:7
FNH:1
FNDA:3,BadgeInner
FNDA:0,(anonymous_1)
FNDA:0,handleFilter
FNDA:0,(anonymous_3)
FNDA:0,(anonymous_4)
FNDA:0,(anonymous_5)
FNDA:0,(anonymous_6)
DA:27,3
DA:48,3
DA:49,0
DA:51,0
DA:56,0
DA:57,0
DA:61,0
DA:65,0
DA:66,0
DA:68,0
DA:69,0
LF:11
LH:2
BRDA:74,0,0,0
BRDA:74,0,1,0
BRF:2
BRH:0
end_of_record
TN:
SF:src/components/Badges/BadgeInner/index.tsx
FNF:0
FNH:0
LF:0
LH:0
BRF:0
BRH:0
end_of_record
TN:
SF:src/components/Block/Block.tsx
FN:29,Block
FN:77,(anonymous_1)
FN:81,(anonymous_2)
FN:82,(anonymous_3)
FN:88,handlePressBlock
FN:102,(anonymous_5)
FN:103,(anonymous_6)
FNF:7
FNH:0
FNDA:0,Block
FNDA:0,(anonymous_1)
FNDA:0,(anonymous_2)
FNDA:0,(anonymous_3)
FNDA:0,handlePressBlock
FNDA:0,(anonymous_5)
FNDA:0,(anonymous_6)
DA:30,0
DA:32,0
DA:74,0
DA:75,0
DA:77,0
DA:81,0
DA:82,0
DA:83,0
DA:85,0
DA:89,0
DA:90,0
DA:91,0
DA:94,0
DA:102,0
DA:103,0
LF:15
LH:0
BRDA:29,0,0,0
BRDA:90,1,0,0
BRDA:90,1,1,0
BRDA:96,2,0,0
BRDA:96,2,1,0
BRF:5
BRH:0
end_of_record
TN:
SF:src/components/Block/index.tsx
FNF:0
FNH:0
LF:0
LH:0
BRF:0
BRH:0
end_of_record
TN:
SF:src/components/Button/Button.tsx
FN:27,ActionButton
FN:69,(anonymous_1)
FN:73,(anonymous_2)
FN:74,(anonymous_3)
FNF:4
FNH:0
FNDA:0,ActionButton
FNDA:0,(anonymous_1)
FNDA:0,(anonymous_2)
FNDA:0,(anonymous_3)
DA:34,0
DA:36,0
DA:67,0
DA:69,0
DA:73,0
DA:74,0
DA:76,0
LF:7
LH:0
BRDA:29,0,0,0
BRDA:79,1,0,0
BRDA:79,1,1,0
BRDA:81,2,0,0
BRDA:81,2,1,0
BRF:5
BRH:0
end_of_record
TN:
SF:src/components/Button/index.tsx
FNF:0
FNH:0
LF:0
LH:0
BRF:0
BRH:0
end_of_record
TN:
SF:src/components/Error/ErrorText.tsx
FN:15,ErrorText
FNF:1
FNH:0
FNDA:0,ErrorText
DA:16,0
DA:27,0
LF:2
LH:0
BRF:0
BRH:0
end_of_record
TN:
SF:src/components/Error/index.tsx
FNF:0
FNH:0
LF:0
LH:0
BRF:0
BRH:0
end_of_record
TN:
SF:src/components/Exercise/Button.tsx
FN:37,(anonymous_0)
FN:42,(anonymous_1)
FN:53,(anonymous_2)
FN:64,ExerciseButton
FN:108,beginExerciseIfNotActive
FN:115,cancelExercise
FNF:6
FNH:0
FNDA:0,(anonymous_0)
FNDA:0,(anonymous_1)
FNDA:0,(anonymous_2)
FNDA:0,ExerciseButton
FNDA:0,beginExerciseIfNotActive
FNDA:0,cancelExercise
DA:30,0
DA:37,0
DA:38,0
DA:39,0
DA:42,0
DA:43,0
DA:46,0
DA:51,0
DA:54,0
DA:55,0
DA:56,0
DA:65,0
DA:67,0
DA:104,0
DA:105,0
DA:106,0
DA:109,0
DA:110,0
DA:111,0
DA:116,0
DA:117,0
DA:120,0
LF:22
LH:0
BRDA:38,0,0,0
BRDA:38,0,1,0
BRDA:54,1,0,0
BRDA:54,1,1,0
BRDA:106,2,0,0
BRDA:106,2,1,0
BRDA:109,3,0,0
BRDA:109,3,1,0
BRDA:123,4,0,0
BRDA:123,4,1,0
BRDA:134,5,0,0
BRDA:134,5,1,0
BRF:12
BRH:0
end_of_record
TN:
SF:src/components/Exercise/Title.tsx
FN:21,ExerciseTitle
FN:41,(anonymous_1)
FN:45,(anonymous_2)
FNF:3
FNH:0
FNDA:0,ExerciseTitle
FNDA:0,(anonymous_1)
FNDA:0,(anonymous_2)
DA:22,0
DA:24,0
DA:39,0
DA:41,0
DA:45,0
DA:46,0
DA:47,0
DA:49,0
DA:53,0
LF:9
LH:0
BRDA:46,0,0,0
BRDA:46,0,1,0
BRF:2
BRH:0
end_of_record
TN:
SF:src/components/Exercise/Icons/Hold.tsx
FN:5,Hold
FNF:1
FNH:0
FNDA:0,Hold
DA:6,0
LF:1
LH:0
BRF:0
BRH:0
end_of_record
TN:
SF:src/components/Exercise/Icons/In.tsx
FN:5,BreatheIn
FNF:1
FNH:0
FNDA:0,BreatheIn
DA:6,0
LF:1
LH:0
BRF:0
BRH:0
end_of_record
TN:
SF:src/components/Exercise/Icons/InstructionContainer.tsx
FN:15,InstructionsContainer
FN:27,getType
FNF:2
FNH:0
FNDA:0,InstructionsContainer
FNDA:0,getType
DA:19,0
DA:28,0
DA:30,0
DA:55,0
DA:75,0
DA:95,0
DA:110,0
DA:114,0
LF:8
LH:0
BRDA:28,0,0,0
BRDA:28,0,1,0
BRDA:28,0,2,0
BRDA:28,0,3,0
BRDA:28,0,4,0
BRF:5
BRH:0
end_of_record
TN:
SF:src/components/Exercise/Icons/Instructions.tsx
FN:16,Instructions
FNF:1
FNH:0
FNDA:0,Instructions
DA:21,0
DA:23,0
DA:43,0
LF:3
LH:0
BRF:0
BRH:0
end_of_record
TN:
SF:src/components/Exercise/Icons/Out.tsx
FN:5,BreatheOut
FNF:1
FNH:0
FNDA:0,BreatheOut
DA:6,0
LF:1
LH:0
BRF:0
BRH:0
end_of_record
TN:
SF:src/components/Header/Header.tsx
FN:26,Header
FN:54,(anonymous_1)
FN:58,(anonymous_2)
FN:62,getUserName
FN:67,(anonymous_4)
FN:72,(anonymous_5)
FN:78,(anonymous_6)
FNF:7
FNH:0
FNDA:0,Header
FNDA:0,(anonymous_1)
FNDA:0,(anonymous_2)
FNDA:0,getUserName
FNDA:0,(anonymous_4)
FNDA:0,(anonymous_5)
FNDA:0,(anonymous_6)
DA:27,0
DA:29,0
DA:49,0
DA:50,0
DA:51,0
DA:52,0
DA:54,0
DA:58,0
DA:63,0
DA:64,0
DA:65,0
DA:66,0
DA:67,0
DA:69,0
DA:72,0
DA:73,0
DA:74,0
DA:75,0
DA:78,0
DA:79,0
DA:83,0
LF:21
LH:0
BRDA:87,0,0,0
BRDA:87,0,1,0
BRF:2
BRH:0
end_of_record
TN:
SF:src/components/Header/index.tsx
FNF:0
FNH:0
LF:0
LH:0
BRF:0
BRH:0
end_of_record
TN:
SF:src/components/Icons/Back.tsx
FN:11,BackIcon
FNF:1
FNH:0
FNDA:0,BackIcon
DA:12,0
LF:1
LH:0
BRDA:11,0,0,0
BRDA:16,1,0,0
BRDA:16,1,1,0
BRF:3
BRH:0
end_of_record
TN:
SF:src/components/Icons/Exit.tsx
FN:6,Exit
FNF:1
FNH:0
FNDA:0,Exit
DA:7,0
DA:9,0
LF:2
LH:0
BRDA:10,0,0,0
BRDA:10,0,1,0
BRF:2
BRH:0
end_of_record
TN:
SF:src/components/Icons/Onboarding.tsx
FN:5,Onboarding
FNF:1
FNH:0
FNDA:0,Onboarding
DA:6,0
LF:1
LH:0
BRF:0
BRH:0
end_of_record
TN:
SF:src/components/Icons/Settings.tsx
FN:6,SettingsIcon
FNF:1
FNH:0
FNDA:0,SettingsIcon
DA:7,0
DA:9,0
LF:2
LH:0
BRF:0
BRH:0
end_of_record
TN:
SF:src/components/Input/Input.tsx
FN:59,(anonymous_0)
FN:102,(anonymous_1)
FN:103,(anonymous_2)
FNF:3
FNH:0
FNDA:0,(anonymous_0)
FNDA:0,(anonymous_1)
FNDA:0,(anonymous_2)
DA:19,0
DA:58,0
DA:70,0
DA:91,0
DA:93,0
DA:102,0
DA:103,0
LF:7
LH:0
BRDA:97,0,0,0
BRDA:97,0,1,0
BRDA:97,1,0,0
BRDA:97,1,1,0
BRDA:98,2,0,0
BRDA:98,2,1,0
BRDA:113,3,0,0
BRDA:113,3,1,0
BRDA:113,4,0,0
BRDA:113,4,1,0
BRF:10
BRH:0
end_of_record
TN:
SF:src/components/Input/index.tsx
FNF:0
FNH:0
LF:0
LH:0
BRF:0
BRH:0
end_of_record
TN:
SF:src/components/Layout/Wrapper.tsx
FN:10,Wrapper
FNF:1
FNH:0
FNDA:0,Wrapper
DA:11,0
DA:19,0
LF:2
LH:0
BRF:0
BRH:0
end_of_record
TN:
SF:src/components/Layout/CardLayout/CardLayout.tsx
FN:20,CardLayout
FNF:1
FNH:0
FNDA:0,CardLayout
DA:18,0
DA:21,0
DA:49,0
LF:3
LH:0
BRDA:52,0,0,0
BRDA:52,0,1,0
BRDA:54,1,0,0
BRDA:54,1,1,0
BRF:4
BRH:0
end_of_record
TN:
SF:src/components/Layout/CardLayout/index.tsx
FNF:0
FNH:0
LF:0
LH:0
BRF:0
BRH:0
end_of_record
TN:
SF:src/components/Layout/WrapperWithBottomBar/WrapperWithBottomBar.tsx
FN:11,WrapperWithBottomBar
FNF:1
FNH:0
FNDA:0,WrapperWithBottomBar
DA:14,0
DA:23,0
LF:2
LH:0
BRF:0
BRH:0
end_of_record
TN:
SF:src/components/Layout/WrapperWithBottomBar/index.tsx
FNF:0
FNH:0
LF:0
LH:0
BRF:0
BRH:0
end_of_record
TN:
SF:src/components/Loader/Spinner.tsx
FN:14,Spinner
FN:31,(anonymous_1)
FN:35,(anonymous_2)
FNF:3
FNH:0
FNDA:0,Spinner
FNDA:0,(anonymous_1)
FNDA:0,(anonymous_2)
DA:15,0
DA:17,0
DA:29,0
DA:31,0
DA:35,0
DA:36,0
DA:43,0
LF:7
LH:0
BRF:0
BRH:0
end_of_record
TN:
SF:src/components/Loader/index.tsx
FN:18,Loader
FN:38,(anonymous_1)
FN:42,(anonymous_2)
FN:46,(anonymous_3)
FN:50,(anonymous_4)
FN:52,(anonymous_5)
FN:56,(anonymous_6)
FN:60,(anonymous_7)
FNF:8
FNH:0
FNDA:0,Loader
FNDA:0,(anonymous_1)
FNDA:0,(anonymous_2)
FNDA:0,(anonymous_3)
FNDA:0,(anonymous_4)
FNDA:0,(anonymous_5)
FNDA:0,(anonymous_6)
FNDA:0,(anonymous_7)
DA:19,0
DA:34,0
DA:35,0
DA:36,0
DA:38,0
DA:42,0
DA:46,0
DA:50,0
DA:51,0
DA:52,0
DA:53,0
DA:54,0
DA:56,0
DA:57,0
DA:58,0
DA:60,0
DA:61,0
DA:62,0
DA:67,0
LF:19
LH:0
BRDA:51,0,0,0
BRDA:51,0,1,0
BRF:2
BRH:0
end_of_record
TN:
SF:src/components/Loader/AuthLoader/AuthLoader.tsx
FN:12,AuthLoader
FNF:1
FNH:0
FNDA:0,AuthLoader
DA:13,0
LF:1
LH:0
BRDA:13,0,0,0
BRDA:13,0,1,0
BRF:2
BRH:0
end_of_record
TN:
SF:src/components/Loader/AuthLoader/index.tsx
FNF:0
FNH:0
LF:0
LH:0
BRF:0
BRH:0
end_of_record
TN:
SF:src/components/Modal/ModalIcon.tsx
FN:21,ModalIcon
FN:46,(anonymous_1)
FNF:2
FNH:0
FNDA:0,ModalIcon
FNDA:0,(anonymous_1)
DA:28,0
DA:42,0
DA:44,0
DA:47,0
DA:48,0
LF:5
LH:0
BRDA:47,0,0,0
BRDA:47,0,1,0
BRDA:48,1,0,0
BRDA:48,1,1,0
BRF:4
BRH:0
end_of_record
TN:
SF:src/components/Modal/index.tsx
FNF:0
FNH:0
LF:0
LH:0
BRF:0
BRH:0
end_of_record
TN:
SF:src/components/Navigator/Base/Base.tsx
FN:21,(anonymous_0)
FN:27,(anonymous_1)
FN:33,(anonymous_2)
FN:38,(anonymous_3)
FN:52,Base
FN:57,(anonymous_5)
FNF:6
FNH:0
FNDA:0,(anonymous_0)
FNDA:0,(anonymous_1)
FNDA:0,(anonymous_2)
FNDA:0,(anonymous_3)
FNDA:0,Base
FNDA:0,(anonymous_5)
DA:15,0
DA:16,0
DA:19,0
DA:22,0
DA:23,0
DA:24,0
DA:28,0
DA:34,0
DA:35,0
DA:39,0
DA:40,0
DA:44,0
DA:53,0
DA:54,0
DA:55,0
DA:57,0
DA:58,0
DA:61,0
LF:18
LH:0
BRDA:28,0,0,0
BRDA:28,0,1,0
BRF:2
BRH:0
end_of_record
TN:
SF:src/components/Navigator/Base/index.tsx
FNF:0
FNH:0
LF:0
LH:0
BRF:0
BRH:0
end_of_record
TN:
SF:src/components/Navigator/BottomTabs/BottomTabs.tsx
FN:5,BottomTabs
FNF:1
FNH:0
FNDA:0,BottomTabs
DA:6,0
LF:1
LH:0
BRF:0
BRH:0
end_of_record
TN:
SF:src/components/Navigator/BottomTabs/index.tsx
FNF:0
FNH:0
LF:0
LH:0
BRF:0
BRH:0
end_of_record
TN:
SF:src/components/Navigator/RootNavigator/RootNavigator.tsx
FN:29,RootNavigator
FN:65,(anonymous_1)
FN:76,(anonymous_2)
FNF:3
FNH:0
FNDA:0,RootNavigator
FNDA:0,(anonymous_1)
FNDA:0,(anonymous_2)
DA:27,0
DA:31,0
DA:33,0
DA:66,0
DA:67,0
DA:68,0
DA:77,0
DA:78,0
DA:79,0
LF:9
LH:0
BRDA:66,0,0,0
BRDA:66,0,1,0
BRDA:66,1,0,0
BRDA:66,1,1,0
BRDA:77,2,0,0
BRDA:77,2,1,0
BRF:6
BRH:0
end_of_record
TN:
SF:src/components/Navigator/RootNavigator/index.tsx
FNF:0
FNH:0
LF:0
LH:0
BRF:0
BRH:0
end_of_record
TN:
SF:src/components/Navigator/TabNavigator/TabNavigator.tsx
FN:23,TabNavigator
FN:53,(anonymous_1)
FNF:2
FNH:0
FNDA:0,TabNavigator
FNDA:0,(anonymous_1)
DA:19,0
DA:21,0
DA:24,0
DA:26,0
DA:46,0
DA:54,0
LF:6
LH:0
BRF:0
BRH:0
end_of_record
TN:
SF:src/components/Navigator/TabNavigator/index.tsx
FNF:0
FNH:0
LF:0
LH:0
BRF:0
BRH:0
end_of_record
TN:
SF:src/components/helpers/Button/index.tsx
FN:15,Btn
FNF:1
FNH:0
FNDA:0,Btn
DA:24,0
LF:1
LH:0
BRF:0
BRH:0
end_of_record
TN:
SF:src/components/helpers/Scrollview/index.tsx
FN:10,Scroll
FNF:1
FNH:1
FNDA:1,Scroll
DA:11,1
LF:1
LH:1
BRF:0
BRH:0
end_of_record
TN:
SF:src/components/typography/Heading/Heading.tsx
FN:10,H
FNF:1
FNH:0
FNDA:0,H
DA:11,0
DA:17,0
LF:2
LH:0
BRF:0
BRH:0
end_of_record
TN:
SF:src/components/typography/Heading/index.tsx
FNF:0
FNH:0
LF:0
LH:0
BRF:0
BRH:0
end_of_record
TN:
SF:src/components/typography/Paragraph/Paragraph.tsx
FN:11,P
FNF:1
FNH:0
FNDA:0,P
DA:12,0
DA:18,0
LF:2
LH:0
BRDA:11,0,0,0
BRF:1
BRH:0
end_of_record
TN:
SF:src/components/typography/Paragraph/index.tsx
FNF:0
FNH:0
LF:0
LH:0
BRF:0
BRH:0
end_of_record
TN:
SF:src/components/typography/Title/Title.tsx
FN:21,Title
FNF:1
FNH:0
FNDA:0,Title
DA:22,0
DA:31,0
LF:2
LH:0
BRF:0
BRH:0
end_of_record
TN:
SF:src/components/typography/Title/index.tsx
FNF:0
FNH:0
LF:0
LH:0
BRF:0
BRH:0
end_of_record
TN:
SF:src/constants/errors.ts
FNF:0
FNH:0
DA:1,0
DA:9,0
DA:18,0
DA:23,0
LF:4
LH:0
BRF:0
BRH:0
end_of_record
TN:
SF:src/constants/exercises.ts
FNF:0
FNH:0
DA:12,1
DA:13,1
DA:14,1
DA:16,1
DA:18,1
DA:43,1
DA:45,1
DA:70,1
DA:87,1
LF:9
LH:9
BRF:0
BRH:0
end_of_record
TN:
SF:src/graphql/mutations.ts
FNF:0
FNH:0
DA:5,0
DA:42,0
DA:79,0
DA:116,0
DA:142,0
DA:168,0
DA:194,0
DA:209,0
DA:224,0
DA:239,0
DA:254,0
DA:269,0
LF:12
LH:0
BRF:0
BRH:0
end_of_record
TN:
SF:src/graphql/queries.ts
FNF:0
FNH:0
DA:5,0
DA:39,0
DA:64,0
DA:87,0
DA:109,0
DA:121,0
DA:140,0
DA:152,0
LF:8
LH:0
BRF:0
BRH:0
end_of_record
TN:
SF:src/graphql/subscriptions.ts
FNF:0
FNH:0
DA:5,0
DA:39,0
DA:73,0
DA:107,0
DA:130,0
DA:153,0
DA:176,0
DA:188,0
DA:200,0
DA:212,0
DA:224,0
DA:236,0
LF:12
LH:0
BRF:0
BRH:0
end_of_record
TN:
SF:src/hooks/useGetAnimation.ts
FN:42,useGetAnimation
FN:54,(anonymous_1)
FN:61,(anonymous_2)
FN:65,(anonymous_3)
FN:74,(anonymous_4)
FN:90,(anonymous_5)
FN:250,(anonymous_6)
FN:254,(anonymous_7)
FN:256,(anonymous_8)
FN:260,reset
FNF:10
FNH:0
FNDA:0,useGetAnimation
FNDA:0,(anonymous_1)
FNDA:0,(anonymous_2)
FNDA:0,(anonymous_3)
FNDA:0,(anonymous_4)
FNDA:0,(anonymous_5)
FNDA:0,(anonymous_6)
FNDA:0,(anonymous_7)
FNDA:0,(anonymous_8)
FNDA:0,reset
DA:46,0
DA:47,0
DA:48,0
DA:49,0
DA:50,0
DA:51,0
DA:52,0
DA:54,0
DA:61,0
DA:65,0
DA:66,0
DA:67,0
DA:68,0
DA:71,0
DA:72,0
DA:74,0
DA:75,0
DA:77,0
DA:90,0
DA:91,0
DA:92,0
DA:93,0
DA:104,0
DA:138,0
DA:139,0
DA:150,0
DA:177,0
DA:178,0
DA:188,0
DA:215,0
DA:216,0
DA:225,0
DA:250,0
DA:251,0
DA:254,0
DA:255,0
DA:256,0
DA:261,0
DA:262,0
DA:263,0
DA:264,0
DA:265,0
DA:266,0
DA:269,0
LF:44
LH:0
BRDA:75,0,0,0
BRDA:75,0,1,0
BRDA:91,1,0,0
BRDA:91,1,1,0
BRDA:92,2,0,0
BRDA:92,2,1,0
BRDA:138,3,0,0
BRDA:138,3,1,0
BRDA:177,4,0,0
BRDA:177,4,1,0
BRDA:215,5,0,0
BRDA:215,5,1,0
BRDA:255,6,0,0
BRDA:255,6,1,0
BRF:14
BRH:0
end_of_record
TN:
SF:src/hooks/useGetHaptics.ts
FN:8,useGetHaptics
FN:12,(anonymous_1)
FN:17,(anonymous_2)
FN:23,(anonymous_3)
FNF:4
FNH:0
FNDA:0,useGetHaptics
FNDA:0,(anonymous_1)
FNDA:0,(anonymous_2)
FNDA:0,(anonymous_3)
DA:12,0
DA:13,0
DA:15,0
DA:16,0
DA:17,0
DA:18,0
DA:20,0
DA:21,0
DA:22,0
DA:23,0
DA:24,0
LF:11
LH:0
BRDA:15,0,0,0
BRDA:15,0,1,0
BRDA:20,1,0,0
BRDA:20,1,1,0
BRF:4
BRH:0
end_of_record
TN:
SF:src/hooks/useInterval.ts
FN:3,useInterval
FN:10,(anonymous_1)
FN:14,(anonymous_2)
FN:15,(anonymous_3)
FN:18,(anonymous_4)
FNF:5
FNH:0
FNDA:0,useInterval
FNDA:0,(anonymous_1)
FNDA:0,(anonymous_2)
FNDA:0,(anonymous_3)
FNDA:0,(anonymous_4)
DA:8,0
DA:10,0
DA:11,0
DA:14,0
DA:15,0
DA:17,0
DA:18,0
LF:7
LH:0
BRDA:5,0,0,0
BRF:1
BRH:0
end_of_record
TN:
SF:src/hooks/useTimeout.ts
FN:3,useTimeout
FN:11,(anonymous_1)
FN:15,(anonymous_2)
FN:16,(anonymous_3)
FN:20,(anonymous_4)
FNF:5
FNH:0
FNDA:0,useTimeout
FNDA:0,(anonymous_1)
FNDA:0,(anonymous_2)
FNDA:0,(anonymous_3)
FNDA:0,(anonymous_4)
DA:8,0
DA:9,0
DA:11,0
DA:12,0
DA:15,0
DA:16,0
DA:18,0
DA:19,0
DA:20,0
DA:24,0
LF:10
LH:0
BRDA:18,0,0,0
BRDA:18,0,1,0
BRF:2
BRH:0
end_of_record
TN:
SF:src/screens/Onboarding.tsx
FN:41,OnboardingScreen
FN:103,(anonymous_1)
FN:107,(anonymous_2)
FN:111,(anonymous_3)
FN:115,(anonymous_4)
FN:122,(anonymous_5)
FN:139,(anonymous_6)
FN:145,(anonymous_7)
FN:158,(anonymous_8)
FN:162,(anonymous_9)
FNF:10
FNH:0
FNDA:0,OnboardingScreen
FNDA:0,(anonymous_1)
FNDA:0,(anonymous_2)
FNDA:0,(anonymous_3)
FNDA:0,(anonymous_4)
FNDA:0,(anonymous_5)
FNDA:0,(anonymous_6)
FNDA:0,(anonymous_7)
FNDA:0,(anonymous_8)
FNDA:0,(anonymous_9)
DA:42,0
DA:44,0
DA:92,0
DA:93,0
DA:95,0
DA:96,0
DA:97,0
DA:99,0
DA:100,0
DA:101,0
DA:103,0
DA:107,0
DA:111,0
DA:115,0
DA:116,0
DA:117,0
DA:118,0
DA:119,0
DA:122,0
DA:123,0
DA:124,0
DA:128,0
DA:139,0
DA:146,0
DA:147,0
DA:159,0
DA:160,0
DA:162,0
LF:28
LH:0
BRDA:123,0,0,0
BRDA:123,0,1,0
BRDA:142,1,0,0
BRDA:142,1,1,0
BRDA:156,2,0,0
BRDA:156,2,1,0
BRDA:167,3,0,0
BRDA:167,3,1,0
BRF:8
BRH:0
end_of_record
TN:
SF:src/screens/Authenticator/Authenticator.tsx
FN:39,Authenticator
FN:77,(anonymous_1)
FN:81,(anonymous_2)
FN:85,(anonymous_3)
FN:87,(anonymous_4)
FN:109,(anonymous_5)
FN:140,(anonymous_6)
FN:148,(anonymous_7)
FNF:8
FNH:0
FNDA:0,Authenticator
FNDA:0,(anonymous_1)
FNDA:0,(anonymous_2)
FNDA:0,(anonymous_3)
FNDA:0,(anonymous_4)
FNDA:0,(anonymous_5)
FNDA:0,(anonymous_6)
FNDA:0,(anonymous_7)
DA:40,0
DA:71,0
DA:72,0
DA:74,0
DA:75,0
DA:77,0
DA:81,0
DA:85,0
DA:86,0
DA:87,0
DA:88,0
DA:89,0
DA:91,0
DA:92,0
DA:93,0
DA:94,0
DA:95,0
DA:98,0
DA:99,0
DA:101,0
DA:107,0
DA:109,0
DA:110,0
DA:112,0
DA:116,0
DA:141,0
DA:142,0
DA:149,0
DA:150,0
LF:29
LH:0
BRDA:91,0,0,0
BRDA:91,0,1,0
BRDA:95,1,0,0
BRDA:95,1,1,0
BRF:4
BRH:0
end_of_record
TN:
SF:src/screens/Authenticator/index.tsx
FNF:0
FNH:0
LF:0
LH:0
BRF:0
BRH:0
end_of_record
TN:
SF:src/screens/ConfirmSignUp/ConfirmSignUp.tsx
FN:34,ConfirmSignUp
FN:39,addNewUserToDB
FN:56,onPress
FN:84,onResend
FN:101,(anonymous_4)
FN:106,(anonymous_5)
FN:119,(anonymous_6)
FNF:7
FNH:0
FNDA:0,ConfirmSignUp
FNDA:0,addNewUserToDB
FNDA:0,onPress
FNDA:0,onResend
FNDA:0,(anonymous_4)
FNDA:0,(anonymous_5)
FNDA:0,(anonymous_6)
DA:35,0
DA:36,0
DA:37,0
DA:40,0
DA:42,0
DA:52,0
DA:57,0
DA:58,0
DA:59,0
DA:60,0
DA:61,0
DA:62,0
DA:63,0
DA:65,0
DA:67,0
DA:68,0
DA:70,0
DA:71,0
DA:72,0
DA:73,0
DA:74,0
DA:75,0
DA:76,0
DA:77,0
DA:78,0
DA:79,0
DA:85,0
DA:86,0
DA:87,0
DA:89,0
DA:93,0
DA:101,0
DA:114,0
DA:119,0
LF:34
LH:0
BRDA:67,0,0,0
BRDA:67,0,1,0
BRDA:72,1,0,0
BRDA:72,1,1,0
BRDA:74,2,0,0
BRDA:74,2,1,0
BRDA:76,3,0,0
BRDA:76,3,1,0
BRDA:78,4,0,0
BRDA:78,4,1,0
BRDA:125,5,0,0
BRDA:125,5,1,0
BRF:12
BRH:0
end_of_record
TN:
SF:src/screens/ConfirmSignUp/index.tsx
FNF:0
FNH:0
LF:0
LH:0
BRF:0
BRH:0
end_of_record
TN:
SF:src/screens/Exercise/Exercise.tsx
FN:50,ExerciseScreen
FN:124,handleExercise
FN:127,(anonymous_2)
FN:135,fetchCategories
FN:144,(anonymous_4)
FN:181,(anonymous_5)
FNF:6
FNH:0
FNDA:0,ExerciseScreen
FNDA:0,handleExercise
FNDA:0,(anonymous_2)
FNDA:0,fetchCategories
FNDA:0,(anonymous_4)
FNDA:0,(anonymous_5)
DA:51,0
DA:52,0
DA:53,0
DA:55,0
DA:112,0
DA:113,0
DA:114,0
DA:122,0
DA:125,0
DA:126,0
DA:127,0
DA:128,0
DA:131,0
DA:136,0
DA:137,0
DA:138,0
DA:144,0
DA:145,0
DA:150,0
DA:152,0
DA:181,0
LF:21
LH:0
BRDA:95,0,0,0
BRDA:95,0,1,0
BRDA:96,1,0,0
BRDA:96,1,1,0
BRDA:99,2,0,0
BRDA:99,2,1,0
BRDA:126,3,0,0
BRDA:126,3,1,0
BRDA:158,4,0,0
BRDA:158,4,1,0
BRDA:164,5,0,0
BRDA:164,5,1,0
BRF:12
BRH:0
end_of_record
TN:
SF:src/screens/Exercise/index.tsx
FNF:0
FNH:0
LF:0
LH:0
BRF:0
BRH:0
end_of_record
TN:
SF:src/screens/ForgotPassword/ForgotPassword.tsx
FN:35,Forgot
FN:51,onPress
FN:71,(anonymous_2)
FN:76,(anonymous_3)
FN:89,(anonymous_4)
FNF:5
FNH:0
FNDA:0,Forgot
FNDA:0,onPress
FNDA:0,(anonymous_2)
FNDA:0,(anonymous_3)
FNDA:0,(anonymous_4)
DA:36,0
DA:38,0
DA:48,0
DA:49,0
DA:52,0
DA:53,0
DA:54,0
DA:55,0
DA:56,0
DA:57,0
DA:59,0
DA:63,0
DA:71,0
DA:84,0
DA:89,0
LF:15
LH:0
BRDA:56,0,0,0
BRDA:56,0,1,0
BRDA:70,1,0,0
BRDA:70,1,1,0
BRF:4
BRH:0
end_of_record
TN:
SF:src/screens/ForgotPassword/index.tsx
FNF:0
FNH:0
LF:0
LH:0
BRF:0
BRH:0
end_of_record
TN:
SF:src/screens/ForgotPasswordSubmit/ForgotPasswordSubmit.tsx
FN:35,ForgotPasswordSubmit
FN:42,onPress
FN:74,(anonymous_2)
FN:82,(anonymous_3)
FN:95,(anonymous_4)
FN:105,(anonymous_5)
FN:114,(anonymous_6)
FN:125,(anonymous_7)
FNF:8
FNH:0
FNDA:0,ForgotPasswordSubmit
FNDA:0,onPress
FNDA:0,(anonymous_2)
FNDA:0,(anonymous_3)
FNDA:0,(anonymous_4)
FNDA:0,(anonymous_5)
FNDA:0,(anonymous_6)
FNDA:0,(anonymous_7)
DA:39,0
DA:40,0
DA:47,0
DA:48,0
DA:49,0
DA:50,0
DA:51,0
DA:52,0
DA:53,0
DA:54,0
DA:56,0
DA:57,0
DA:61,0
DA:74,0
DA:90,0
DA:95,0
DA:105,0
DA:114,0
DA:125,0
LF:19
LH:0
BRDA:69,0,0,0
BRDA:69,0,1,0
BRDA:132,1,0,0
BRDA:132,1,1,0
BRF:4
BRH:0
end_of_record
TN:
SF:src/screens/ForgotPasswordSubmit/index.tsx
FNF:0
FNH:0
LF:0
LH:0
BRF:0
BRH:0
end_of_record
TN:
SF:src/screens/Home/Home.tsx
FN:35,HomeScreen
FN:71,(anonymous_1)
FN:75,(anonymous_2)
FN:86,(anonymous_3)
FN:99,(anonymous_4)
FN:116,(anonymous_5)
FN:120,(anonymous_6)
FN:126,(anonymous_7)
FNF:8
FNH:0
FNDA:0,HomeScreen
FNDA:0,(anonymous_1)
FNDA:0,(anonymous_2)
FNDA:0,(anonymous_3)
FNDA:0,(anonymous_4)
FNDA:0,(anonymous_5)
FNDA:0,(anonymous_6)
FNDA:0,(anonymous_7)
DA:36,0
DA:38,0
DA:66,0
DA:67,0
DA:68,0
DA:69,0
DA:71,0
DA:75,0
DA:86,0
DA:87,0
DA:90,0
DA:100,0
DA:116,0
DA:121,0
DA:127,0
LF:15
LH:0
BRF:0
BRH:0
end_of_record
TN:
SF:src/screens/Home/index.tsx
FNF:0
FNH:0
LF:0
LH:0
BRF:0
BRH:0
end_of_record
TN:
SF:src/screens/Info/Info.tsx
FN:24,InfoModalScreen
FN:51,(anonymous_1)
FN:55,(anonymous_2)
FNF:3
FNH:0
FNDA:0,InfoModalScreen
FNDA:0,(anonymous_1)
FNDA:0,(anonymous_2)
DA:21,0
DA:22,0
DA:25,0
DA:27,0
DA:49,0
DA:51,0
DA:55,0
DA:56,0
DA:59,0
LF:9
LH:0
BRF:0
BRH:0
end_of_record
TN:
SF:src/screens/Info/index.tsx
FNF:0
FNH:0
LF:0
LH:0
BRF:0
BRH:0
end_of_record
TN:
SF:src/screens/Profile/Profile.tsx
FN:5,ProfileScreen
FNF:1
FNH:0
FNDA:0,ProfileScreen
DA:6,0
LF:1
LH:0
BRF:0
BRH:0
end_of_record
TN:
SF:src/screens/Profile/index.tsx
FNF:0
FNH:0
LF:0
LH:0
BRF:0
BRH:0
end_of_record
TN:
SF:src/screens/Search/Search.tsx
FN:8,Search
FN:15,(anonymous_1)
FNF:2
FNH:0
FNDA:0,Search
FNDA:0,(anonymous_1)
DA:9,0
DA:15,0
DA:16,0
DA:21,0
LF:4
LH:0
BRF:0
BRH:0
end_of_record
TN:
SF:src/screens/Search/index.tsx
FNF:0
FNH:0
LF:0
LH:0
BRF:0
BRH:0
end_of_record
TN:
SF:src/screens/Settings/Settings.tsx
FN:22,Settings
FN:26,onPress
FNF:2
FNH:0
FNDA:0,Settings
FNDA:0,onPress
DA:23,0
DA:24,0
DA:27,0
DA:28,0
DA:29,0
DA:30,0
DA:31,0
DA:33,0
DA:37,0
LF:9
LH:0
BRF:0
BRH:0
end_of_record
TN:
SF:src/screens/Settings/index.tsx
FNF:0
FNH:0
LF:0
LH:0
BRF:0
BRH:0
end_of_record
TN:
SF:src/screens/SignIn/SignIn.tsx
FN:38,SignIn
FN:96,onPress
FN:143,(anonymous_2)
FN:149,(anonymous_3)
FN:162,(anonymous_4)
FN:172,(anonymous_5)
FNF:6
FNH:0
FNDA:0,SignIn
FNDA:0,onPress
FNDA:0,(anonymous_2)
FNDA:0,(anonymous_3)
FNDA:0,(anonymous_4)
FNDA:0,(anonymous_5)
DA:39,0
DA:92,0
DA:93,0
DA:94,0
DA:100,0
DA:101,0
DA:102,0
DA:103,0
DA:104,0
DA:105,0
DA:106,0
DA:107,0
DA:109,0
DA:110,0
DA:111,0
DA:112,0
DA:113,0
DA:114,0
DA:115,0
DA:116,0
DA:117,0
DA:118,0
DA:120,0
DA:125,0
DA:127,0
DA:143,0
DA:157,0
DA:162,0
DA:172,0
LF:29
LH:0
BRDA:106,0,0,0
BRDA:106,0,1,0
BRDA:110,1,0,0
BRDA:110,1,1,0
BRDA:112,2,0,0
BRDA:112,2,1,0
BRDA:114,3,0,0
BRDA:114,3,1,0
BRDA:117,4,0,0
BRDA:117,4,1,0
BRDA:179,5,0,0
BRDA:179,5,1,0
BRDA:180,6,0,0
BRDA:180,6,1,0
BRF:14
BRH:0
end_of_record
TN:
SF:src/screens/SignIn/index.tsx
FNF:0
FNH:0
LF:0
LH:0
BRF:0
BRH:0
end_of_record
TN:
SF:src/screens/SignUp/SignUp.tsx
FN:34,SignUp
FN:62,onPress
FN:92,(anonymous_2)
FN:102,(anonymous_3)
FN:122,(anonymous_4)
FN:131,(anonymous_5)
FN:141,(anonymous_6)
FN:152,(anonymous_7)
FNF:8
FNH:0
FNDA:0,SignUp
FNDA:0,onPress
FNDA:0,(anonymous_2)
FNDA:0,(anonymous_3)
FNDA:0,(anonymous_4)
FNDA:0,(anonymous_5)
FNDA:0,(anonymous_6)
FNDA:0,(anonymous_7)
DA:35,0
DA:51,0
DA:52,0
DA:53,0
DA:54,0
DA:63,0
DA:65,0
DA:66,0
DA:68,0
DA:69,0
DA:70,0
DA:71,0
DA:72,0
DA:73,0
DA:74,0
DA:76,0
DA:77,0
DA:78,0
DA:84,0
DA:93,0
DA:94,0
DA:117,0
DA:122,0
DA:131,0
DA:141,0
DA:152,0
LF:26
LH:0
BRDA:65,0,0,0
BRDA:65,0,1,0
BRDA:73,1,0,0
BRDA:73,1,1,0
BRDA:77,2,0,0
BRDA:77,2,1,0
BRF:6
BRH:0
end_of_record
TN:
SF:src/screens/SignUp/index.tsx
FNF:0
FNH:0
LF:0
LH:0
BRF:0
BRH:0
end_of_record
TN:
SF:src/store/index.ts
FNF:0
FNH:0
DA:9,0
LF:1
LH:0
BRF:0
BRH:0
end_of_record
TN:
SF:src/store/selectors/dark-mode.ts
FN:3,(anonymous_0)
FNF:1
FNH:0
FNDA:0,(anonymous_0)
DA:3,0
LF:1
LH:0
BRF:0
BRH:0
end_of_record
TN:
SF:src/store/selectors/exercises.ts
FN:3,(anonymous_0)
FNF:1
FNH:0
FNDA:0,(anonymous_0)
DA:3,0
LF:1
LH:0
BRF:0
BRH:0
end_of_record
TN:
SF:src/store/selectors/individual-exercise.ts
FN:3,(anonymous_0)
FN:6,(anonymous_1)
FNF:2
FNH:0
FNDA:0,(anonymous_0)
FNDA:0,(anonymous_1)
DA:3,0
DA:4,0
DA:6,0
DA:7,0
LF:4
LH:0
BRF:0
BRH:0
end_of_record
TN:
SF:src/store/selectors/onboarding.ts
FN:3,(anonymous_0)
FN:6,(anonymous_1)
FN:9,(anonymous_2)
FNF:3
FNH:0
FNDA:0,(anonymous_0)
FNDA:0,(anonymous_1)
FNDA:0,(anonymous_2)
DA:3,0
DA:4,0
DA:6,0
DA:7,0
DA:9,0
DA:10,0
LF:6
LH:0
BRF:0
BRH:0
end_of_record
TN:
SF:src/store/selectors/user-name.ts
FN:3,(anonymous_0)
FNF:1
FNH:0
FNDA:0,(anonymous_0)
DA:3,0
LF:1
LH:0
BRF:0
BRH:0
end_of_record
TN:
SF:src/store/slices/dark-mode.ts
FN:15,(anonymous_0)
FNF:1
FNH:0
FNDA:0,(anonymous_0)
DA:7,0
DA:11,0
DA:16,0
DA:21,0
LF:4
LH:0
BRF:0
BRH:0
end_of_record
TN:
SF:src/store/slices/exercises.ts
FN:19,(anonymous_0)
FN:21,(anonymous_1)
FNF:2
FNH:0
FNDA:0,(anonymous_0)
FNDA:0,(anonymous_1)
DA:10,1
DA:15,1
DA:20,0
DA:21,0
DA:22,0
DA:28,1
LF:6
LH:3
BRF:0
BRH:0
end_of_record
TN:
SF:src/store/slices/individual-exercise.ts
FN:17,(anonymous_0)
FN:20,(anonymous_1)
FNF:2
FNH:0
FNDA:0,(anonymous_0)
FNDA:0,(anonymous_1)
DA:8,0
DA:13,0
DA:18,0
DA:21,0
DA:27,0
LF:5
LH:0
BRF:0
BRH:0
end_of_record
TN:
SF:src/store/slices/onboarding.ts
FN:19,(anonymous_0)
FN:22,(anonymous_1)
FN:25,(anonymous_2)
FNF:3
FNH:0
FNDA:0,(anonymous_0)
FNDA:0,(anonymous_1)
FNDA:0,(anonymous_2)
DA:9,0
DA:15,0
DA:20,0
DA:23,0
DA:26,0
DA:32,0
LF:6
LH:0
BRF:0
BRH:0
end_of_record
TN:
SF:src/store/slices/user-name.ts
FN:15,(anonymous_0)
FNF:1
FNH:0
FNDA:0,(anonymous_0)
DA:7,0
DA:11,0
DA:16,0
DA:21,0
LF:4
LH:0
BRF:0
BRH:0
end_of_record
TN:
SF:src/styles/theme.ts
FN:24,getTheme
FN:27,(anonymous_1)
FNF:2
FNH:0
FNDA:0,getTheme
FNDA:0,(anonymous_1)
DA:25,0
DA:26,0
DA:27,0
DA:28,0
DA:30,0
DA:48,1
DA:92,1
DA:117,1
DA:123,1
DA:129,1
DA:130,1
DA:131,1
DA:133,1
LF:13
LH:8
BRDA:37,0,0,0
BRDA:37,0,1,0
BRDA:38,1,0,0
BRDA:38,1,1,0
BRDA:40,2,0,0
BRDA:40,2,1,0
BRDA:41,3,0,0
BRDA:41,3,1,0
BRF:8
BRH:0
end_of_record
TN:
SF:src/utils/animatedText.ts
FN:8,getAnimatedTextFormatted
FN:16,(anonymous_1)
FNF:2
FNH:0
FNDA:0,getAnimatedTextFormatted
FNDA:0,(anonymous_1)
DA:10,0
DA:11,0
DA:12,0
DA:13,0
DA:16,0
DA:23,0
DA:25,0
DA:26,0
DA:27,0
DA:28,0
DA:29,0
DA:30,0
DA:31,0
DA:32,0
DA:33,0
DA:35,0
DA:36,0
DA:37,0
DA:38,0
DA:39,0
DA:40,0
DA:41,0
DA:43,0
DA:44,0
DA:45,0
DA:46,0
DA:47,0
DA:48,0
DA:49,0
DA:51,0
DA:52,0
DA:53,0
DA:54,0
DA:55,0
DA:59,0
DA:60,0
LF:36
LH:0
BRDA:25,0,0,0
BRDA:25,0,1,0
BRDA:26,1,0,0
BRDA:26,1,1,0
BRDA:28,2,0,0
BRDA:28,2,1,0
BRDA:28,3,0,0
BRDA:28,3,1,0
BRDA:30,4,0,0
BRDA:30,4,1,0
BRDA:30,5,0,0
BRDA:30,5,1,0
BRDA:32,6,0,0
BRDA:32,6,1,0
BRDA:32,7,0,0
BRDA:32,7,1,0
BRDA:35,8,0,0
BRDA:35,8,1,0
BRDA:36,9,0,0
BRDA:36,9,1,0
BRDA:38,10,0,0
BRDA:38,10,1,0
BRDA:38,11,0,0
BRDA:38,11,1,0
BRDA:40,12,0,0
BRDA:40,12,1,0
BRDA:40,13,0,0
BRDA:40,13,1,0
BRDA:43,14,0,0
BRDA:43,14,1,0
BRDA:44,15,0,0
BRDA:44,15,1,0
BRDA:46,16,0,0
BRDA:46,16,1,0
BRDA:46,17,0,0
BRDA:46,17,1,0
BRDA:48,18,0,0
BRDA:48,18,1,0
BRDA:48,19,0,0
BRDA:48,19,1,0
BRDA:51,20,0,0
BRDA:51,20,1,0
BRDA:52,21,0,0
BRDA:52,21,1,0
BRDA:54,22,0,0
BRDA:54,22,1,0
BRDA:54,23,0,0
BRDA:54,23,1,0
BRF:48
BRH:0
end_of_record
TN:
SF:src/utils/capitalise.ts
FN:1,(anonymous_0)
FNF:1
FNH:1
FNDA:3,(anonymous_0)
DA:1,1
DA:2,3
DA:3,1
DA:5,2
LF:4
LH:4
BRDA:2,0,0,1
BRDA:2,0,1,2
BRF:2
BRH:2
end_of_record
TN:
SF:src/utils/firstLaunch.ts
FN:5,setAppLaunched
FN:9,checkIfFirstLaunch
FNF:2
FNH:0
FNDA:0,setAppLaunched
FNDA:0,checkIfFirstLaunch
DA:3,0
DA:6,0
DA:10,0
DA:11,0
DA:12,0
DA:13,0
DA:14,0
DA:16,0
DA:18,0
LF:9
LH:0
BRDA:12,0,0,0
BRDA:12,0,1,0
BRF:2
BRH:0
end_of_record
TN:
SF:src/utils/getDate.ts
FN:1,timeOfDayGreeting
FNF:1
FNH:1
FNDA:1,timeOfDayGreeting
DA:3,1
DA:4,1
DA:6,1
DA:7,0
DA:8,1
DA:9,1
DA:11,0
DA:14,1
LF:8
LH:6
BRDA:6,0,0,0
BRDA:6,0,1,1
BRDA:8,1,0,1
BRDA:8,1,1,0
BRF:4
BRH:2
end_of_record
TN:
SF:src/utils/haptics.ts
FN:29,(anonymous_0)
FN:31,(anonymous_1)
FNF:2
FNH:0
FNDA:0,(anonymous_0)
FNDA:0,(anonymous_1)
DA:18,0
DA:29,0
DA:30,0
DA:31,0
DA:35,0
LF:5
LH:0
BRF:0
BRH:0
end_of_record
TN:
SF:src/utils/navigation.ts
FN:1,(anonymous_0)
FN:1,(anonymous_1)
FN:5,(anonymous_2)
FN:5,(anonymous_3)
FN:7,(anonymous_4)
FN:7,(anonymous_5)
FNF:6
FNH:0
FNDA:0,(anonymous_0)
FNDA:0,(anonymous_1)
FNDA:0,(anonymous_2)
FNDA:0,(anonymous_3)
FNDA:0,(anonymous_4)
FNDA:0,(anonymous_5)
DA:1,0
DA:2,0
DA:5,0
DA:7,0
LF:4
LH:0
BRF:0
BRH:0
end_of_record
TN:
SF:src/utils/reduceArrayToObject.ts
FN:3,reduceArrayToObject
FN:7,(anonymous_1)
FNF:2
FNH:0
FNDA:0,reduceArrayToObject
FNDA:0,(anonymous_1)
DA:4,0
DA:8,0
LF:2
LH:0
BRDA:8,0,0,0
BRDA:8,0,1,0
BRF:2
BRH:0
end_of_record
TN:
SF:src/utils/setDarkMode.ts
FNF:0
FNH:0
DA:3,0
LF:1
LH:0
BRF:0
BRH:0
end_of_record
TN:
SF:src/utils/storedData.ts
FN:3,setStoredData
FN:11,getStoredData
FNF:2
FNH:0
FNDA:0,setStoredData
FNDA:0,getStoredData
DA:4,0
DA:5,0
DA:7,0
DA:14,0
DA:16,0
DA:17,0
DA:18,0
DA:20,0
DA:22,0
DA:24,0
LF:10
LH:0
BRDA:17,0,0,0
BRDA:17,0,1,0
BRF:2
BRH:0
end_of_record
TN:
SF:src/utils/time.ts
FN:4,(anonymous_0)
FN:6,(anonymous_1)
FN:8,(anonymous_2)
FN:10,getTime
FNF:4
FNH:1
FNDA:0,(anonymous_0)
FNDA:0,(anonymous_1)
FNDA:0,(anonymous_2)
FNDA:3,getTime
DA:4,1
DA:6,1
DA:8,1
DA:13,3
DA:14,1
DA:17,2
DA:18,1
DA:21,2
DA:22,0
DA:24,2
DA:26,2
LF:11
LH:10
BRDA:13,0,0,1
BRDA:13,0,1,2
BRDA:17,1,0,1
BRDA:17,1,1,1
BRDA:21,2,0,0
BRDA:21,2,1,2
BRF:6
BRH:5
end_of_record
TN:
SF:src/utils/toggleVisibility.ts
FN:3,toggleVisibility
FN:10,(anonymous_1)
FN:15,(anonymous_2)
FNF:3
FNH:0
FNDA:0,toggleVisibility
FNDA:0,(anonymous_1)
FNDA:0,(anonymous_2)
DA:8,0
DA:9,0
DA:10,0
DA:11,0
DA:14,0
DA:15,0
DA:16,0
LF:7
LH:0
BRDA:5,0,0,0
BRDA:8,1,0,0
BRDA:8,1,1,0
BRF:3
BRH:0
end_of_record
